#
# There is insufficient memory for the Java Runtime Environment to continue.
# Native memory allocation (malloc) failed to allocate 1048576 bytes for AllocateHeap
# Possible reasons:
#   The system is out of physical RAM or swap space
#   The process is running with CompressedOops enabled, and the Java Heap may be blocking the growth of the native heap
# Possible solutions:
#   Reduce memory load on the system
#   Increase physical memory or swap space
#   Check if swap backing store is full
#   Decrease Java heap size (-Xmx/-Xms)
#   Decrease number of Java threads
#   Decrease Java thread stack sizes (-Xss)
#   Set larger code cache with -XX:ReservedCodeCacheSize=
#   JVM is running with Unscaled Compressed Oops mode in which the Java heap is
#     placed in the first 4GB address space. The Java Heap base address is the
#     maximum limit for the native heap growth. Please use -XX:HeapBaseMinAddress
#     to set the Java Heap base and to place the Java Heap above 4GB virtual address.
# This output file may be truncated or incomplete.
#
#  Out of Memory Error (./open/src/hotspot/share/memory/allocation.cpp:44), pid=15436, tid=1108
#
# JRE version: OpenJDK Runtime Environment (15.0.2+7) (build 15.0.2+7-27)
# Java VM: OpenJDK 64-Bit Server VM (15.0.2+7-27, mixed mode, tiered, compressed oops, g1 gc, windows-amd64)
# No core dump will be written. Minidumps are not enabled by default on client versions of Windows
#

---------------  S U M M A R Y ------------

Command Line: -Dcom.sun.management.jmxremote -Dcom.sun.management.jmxremote.port=51066 -Dcom.sun.management.jmxremote.authenticate=false -Dcom.sun.management.jmxremote.ssl=false -Djava.rmi.server.hostname=localhost -Dspring.jmx.enabled=true -Dspring.application.admin.enabled=true -XX:TieredStopAtLevel=1 -Dspring.boot.project.name=ProyectoFinalP3 -Dfile.encoding=UTF-8 -XX:+ShowCodeDetailsInExceptionMessages com.progra3.datos.ProyectoFinalP3Application --spring.output.ansi.enabled=always

Host: Intel(R) Core(TM) i7-7500U CPU @ 2.70GHz, 4 cores, 7G,  Windows 10 , 64 bit Build 19041 (10.0.19041.928)
Time: Sun May 23 22:43:04 2021 Hora estándar, América Central elapsed time: 1.204978 seconds (0d 0h 0m 1s)

---------------  T H R E A D  ---------------

Current thread (0x0000024b35196470):  VMThread "VM Thread" [stack: 0x000000728f200000,0x000000728f300000] [id=1108]

Stack: [0x000000728f200000,0x000000728f300000]
[error occurred during error reporting (printing stack bounds), id 0xc0000005, EXCEPTION_ACCESS_VIOLATION (0xc0000005) at pc=0x0000024b1f1310ad]

Native frames: (J=compiled Java code, j=interpreted, Vv=VM code, C=native code)
V  [jvm.dll+0x62ae9a]
V  [jvm.dll+0x7817a9]
V  [jvm.dll+0x782f03]
V  [jvm.dll+0x7834c5]
V  [jvm.dll+0x78347b]
V  [jvm.dll+0x62a2b9]
V  [jvm.dll+0x62aa88]
C  [ntdll.dll+0xa217f]
C  [ntdll.dll+0x51454]
C  [ntdll.dll+0xa0cae]
C  0x0000024b1f1310ad

VM_Operation (0x000000728ecfde30): CollectForMetadataAllocation, mode: safepoint, requested by thread 0x0000024b1b71fd70


---------------  P R O C E S S  ---------------

Threads class SMR info:
_java_thread_list=0x0000024b361c1140, length=13, elements={
0x0000024b1b71fd70, 0x0000024b351ae3a0, 0x0000024b351b4520, 0x0000024b351bcf80,
0x0000024b351be0e0, 0x0000024b351beaa0, 0x0000024b35a12510, 0x0000024b35a179d0,
0x0000024b3512fa30, 0x0000024b35bd24c0, 0x0000024b36201760, 0x0000024b36212ef0,
0x0000024b36208660
}

Java Threads: ( => current thread )
  0x0000024b1b71fd70 JavaThread "main" [_thread_blocked, id=25648, stack(0x000000728ec00000,0x000000728ed00000)]
  0x0000024b351ae3a0 JavaThread "Reference Handler" daemon [_thread_blocked, id=8440, stack(0x000000728f300000,0x000000728f400000)]
  0x0000024b351b4520 JavaThread "Finalizer" daemon [_thread_blocked, id=11112, stack(0x000000728f400000,0x000000728f500000)]
  0x0000024b351bcf80 JavaThread "Signal Dispatcher" daemon [_thread_blocked, id=15660, stack(0x000000728f500000,0x000000728f600000)]
  0x0000024b351be0e0 JavaThread "Attach Listener" daemon [_thread_blocked, id=10932, stack(0x000000728f600000,0x000000728f700000)]
  0x0000024b351beaa0 JavaThread "Service Thread" daemon [_thread_blocked, id=8776, stack(0x000000728f700000,0x000000728f800000)]
  0x0000024b35a12510 JavaThread "C1 CompilerThread0" daemon [_thread_blocked, id=5928, stack(0x000000728f800000,0x000000728f900000)]
  0x0000024b35a179d0 JavaThread "Sweeper thread" daemon [_thread_blocked, id=13884, stack(0x000000728f900000,0x000000728fa00000)]
  0x0000024b3512fa30 JavaThread "Common-Cleaner" daemon [_thread_blocked, id=26112, stack(0x000000728fa00000,0x000000728fb00000)]
  0x0000024b35bd24c0 JavaThread "Notification Thread" daemon [_thread_blocked, id=3292, stack(0x000000728fb00000,0x000000728fc00000)]
  0x0000024b36201760 JavaThread "RMI TCP Accept-0" daemon [_thread_in_native, id=15136, stack(0x000000728fc00000,0x000000728fd00000)]
  0x0000024b36212ef0 JavaThread "RMI TCP Accept-51066" daemon [_thread_in_native, id=25120, stack(0x000000728fd00000,0x000000728fe00000)]
  0x0000024b36208660 JavaThread "RMI TCP Accept-0" daemon [_thread_in_native, id=23644, stack(0x000000728fe00000,0x000000728ff00000)]

Other Threads:
=>0x0000024b35196470 VMThread "VM Thread" [stack: 0x000000728f200000,0x000000728f300000] [id=1108]
  0x0000024b36208b30 WatcherThread [stack: 0x000000728ff00000,0x0000007290000000] [id=3988]
  0x0000024b1b761c50 GCTaskThread "GC Thread#0" [stack: 0x000000728ed00000,0x000000728ee00000] [id=23588]
  0x0000024b1b773090 ConcurrentGCThread "G1 Main Marker" [stack: 0x000000728ee00000,0x000000728ef00000] [id=16388]
  0x0000024b1b773950 ConcurrentGCThread "G1 Conc#0" [stack: 0x000000728ef00000,0x000000728f000000] [id=11536]
  0x0000024b1b7ed310 ConcurrentGCThread "G1 Refine#0" [stack: 0x000000728f000000,0x000000728f100000] [id=7728]
  0x0000024b1b7edbe0 ConcurrentGCThread "G1 Young RemSet Sampling" [stack: 0x000000728f100000,0x000000728f200000] [id=15760]

Threads with active compile tasks:

VM state: at safepoint (normal execution)

VM Mutex/Monitor currently owned by a thread:  ([mutex/lock_event])
[0x0000024b1b71bb00] Threads_lock - owner thread: 0x0000024b35196470
[0x0000024b1b71c0a0] Heap_lock - owner thread: 0x0000024b1b71fd70

Heap address: 0x0000000081400000, size: 2028 MB, Compressed Oops mode: 32-bit
CDS disabled.
Compressed class space mapped at: 0x0000000100000000-0x0000000140000000, size: 1073741824
Narrow klass base: 0x0000000000000000, Narrow klass shift: 3, Narrow klass range: 0x140000000

GC Precious Log:
 CPUs: 4 total, 4 available
 Memory: 8107M
 Large Page Support: Disabled
 NUMA Support: Disabled
 Compressed Oops: Enabled (32-bit)
 Heap Region Size: 1M
 Heap Min Capacity: 8M
 Heap Initial Capacity: 128M
 Heap Max Capacity: 2028M
 Pre-touch: Disabled
 Parallel Workers: 4
 Concurrent Workers: 1
 Concurrent Refinement Workers: 4
 Periodic GC: Disabled

Heap:
 garbage-first heap   total 131072K, used 6068K [0x0000000081400000, 0x0000000100000000)
  region size 1024K, 2 young (2048K), 2 survivors (2048K)
 Metaspace       used 12590K, capacity 12779K, committed 12928K, reserved 1069056K
  class space    used 1256K, capacity 1319K, committed 1408K, reserved 1048576K

Heap Regions: E=young(eden), S=young(survivor), O=old, HS=humongous(starts), HC=humongous(continues), CS=collection set, F=free, OA=open archive, CA=closed archive, TAMS=top-at-mark-start (previous, next)
|   0|0x0000000081400000, 0x0000000081500000, 0x0000000081500000|100%|HS|  |TAMS 0x0000000081400000, 0x0000000081500000| Complete 
|   1|0x0000000081500000, 0x0000000081600000, 0x0000000081600000|100%| O|  |TAMS 0x0000000081500000, 0x0000000081500000| Untracked 
|   2|0x0000000081600000, 0x0000000081700000, 0x0000000081700000|100%| O|  |TAMS 0x0000000081600000, 0x0000000081600000| Untracked 
|   3|0x0000000081700000, 0x00000000817ed000, 0x0000000081800000| 92%| O|  |TAMS 0x0000000081700000, 0x0000000081700000| Untracked 
|   4|0x0000000081800000, 0x0000000081800000, 0x0000000081900000|  0%| F|  |TAMS 0x0000000081800000, 0x0000000081800000| Untracked 
|   5|0x0000000081900000, 0x0000000081900000, 0x0000000081a00000|  0%| F|  |TAMS 0x0000000081900000, 0x0000000081900000| Untracked 
|   6|0x0000000081a00000, 0x0000000081a00000, 0x0000000081b00000|  0%| F|  |TAMS 0x0000000081a00000, 0x0000000081a00000| Untracked 
|   7|0x0000000081b00000, 0x0000000081b00000, 0x0000000081c00000|  0%| F|  |TAMS 0x0000000081b00000, 0x0000000081b00000| Untracked 
|   8|0x0000000081c00000, 0x0000000081c00000, 0x0000000081d00000|  0%| F|  |TAMS 0x0000000081c00000, 0x0000000081c00000| Untracked 
|   9|0x0000000081d00000, 0x0000000081d00000, 0x0000000081e00000|  0%| F|  |TAMS 0x0000000081d00000, 0x0000000081d00000| Untracked 
|  10|0x0000000081e00000, 0x0000000081e00000, 0x0000000081f00000|  0%| F|  |TAMS 0x0000000081e00000, 0x0000000081e00000| Untracked 
|  11|0x0000000081f00000, 0x0000000081f00000, 0x0000000082000000|  0%| F|  |TAMS 0x0000000081f00000, 0x0000000081f00000| Untracked 
|  12|0x0000000082000000, 0x0000000082000000, 0x0000000082100000|  0%| F|  |TAMS 0x0000000082000000, 0x0000000082000000| Untracked 
|  13|0x0000000082100000, 0x0000000082100000, 0x0000000082200000|  0%| F|  |TAMS 0x0000000082100000, 0x0000000082100000| Untracked 
|  14|0x0000000082200000, 0x0000000082200000, 0x0000000082300000|  0%| F|  |TAMS 0x0000000082200000, 0x0000000082200000| Untracked 
|  15|0x0000000082300000, 0x0000000082300000, 0x0000000082400000|  0%| F|  |TAMS 0x0000000082300000, 0x0000000082300000| Untracked 
|  16|0x0000000082400000, 0x0000000082400000, 0x0000000082500000|  0%| F|  |TAMS 0x0000000082400000, 0x0000000082400000| Untracked 
|  17|0x0000000082500000, 0x0000000082500000, 0x0000000082600000|  0%| F|  |TAMS 0x0000000082500000, 0x0000000082500000| Untracked 
|  18|0x0000000082600000, 0x0000000082600000, 0x0000000082700000|  0%| F|  |TAMS 0x0000000082600000, 0x0000000082600000| Untracked 
|  19|0x0000000082700000, 0x0000000082700000, 0x0000000082800000|  0%| F|  |TAMS 0x0000000082700000, 0x0000000082700000| Untracked 
|  20|0x0000000082800000, 0x0000000082800000, 0x0000000082900000|  0%| F|  |TAMS 0x0000000082800000, 0x0000000082800000| Untracked 
|  21|0x0000000082900000, 0x0000000082900000, 0x0000000082a00000|  0%| F|  |TAMS 0x0000000082900000, 0x0000000082900000| Untracked 
|  22|0x0000000082a00000, 0x0000000082a00000, 0x0000000082b00000|  0%| F|  |TAMS 0x0000000082a00000, 0x0000000082a00000| Untracked 
|  23|0x0000000082b00000, 0x0000000082b00000, 0x0000000082c00000|  0%| F|  |TAMS 0x0000000082b00000, 0x0000000082b00000| Untracked 
|  24|0x0000000082c00000, 0x0000000082c00000, 0x0000000082d00000|  0%| F|  |TAMS 0x0000000082c00000, 0x0000000082c00000| Untracked 
|  25|0x0000000082d00000, 0x0000000082d00000, 0x0000000082e00000|  0%| F|  |TAMS 0x0000000082d00000, 0x0000000082d00000| Untracked 
|  26|0x0000000082e00000, 0x0000000082e00000, 0x0000000082f00000|  0%| F|  |TAMS 0x0000000082e00000, 0x0000000082e00000| Untracked 
|  27|0x0000000082f00000, 0x0000000082f00000, 0x0000000083000000|  0%| F|  |TAMS 0x0000000082f00000, 0x0000000082f00000| Untracked 
|  28|0x0000000083000000, 0x0000000083000000, 0x0000000083100000|  0%| F|  |TAMS 0x0000000083000000, 0x0000000083000000| Untracked 
|  29|0x0000000083100000, 0x0000000083100000, 0x0000000083200000|  0%| F|  |TAMS 0x0000000083100000, 0x0000000083100000| Untracked 
|  30|0x0000000083200000, 0x0000000083200000, 0x0000000083300000|  0%| F|  |TAMS 0x0000000083200000, 0x0000000083200000| Untracked 
|  31|0x0000000083300000, 0x0000000083300000, 0x0000000083400000|  0%| F|  |TAMS 0x0000000083300000, 0x0000000083300000| Untracked 
|  32|0x0000000083400000, 0x0000000083400000, 0x0000000083500000|  0%| F|  |TAMS 0x0000000083400000, 0x0000000083400000| Untracked 
|  33|0x0000000083500000, 0x0000000083500000, 0x0000000083600000|  0%| F|  |TAMS 0x0000000083500000, 0x0000000083500000| Untracked 
|  34|0x0000000083600000, 0x0000000083600000, 0x0000000083700000|  0%| F|  |TAMS 0x0000000083600000, 0x0000000083600000| Untracked 
|  35|0x0000000083700000, 0x0000000083700000, 0x0000000083800000|  0%| F|  |TAMS 0x0000000083700000, 0x0000000083700000| Untracked 
|  36|0x0000000083800000, 0x0000000083800000, 0x0000000083900000|  0%| F|  |TAMS 0x0000000083800000, 0x0000000083800000| Untracked 
|  37|0x0000000083900000, 0x0000000083900000, 0x0000000083a00000|  0%| F|  |TAMS 0x0000000083900000, 0x0000000083900000| Untracked 
|  38|0x0000000083a00000, 0x0000000083a00000, 0x0000000083b00000|  0%| F|  |TAMS 0x0000000083a00000, 0x0000000083a00000| Untracked 
|  39|0x0000000083b00000, 0x0000000083b00000, 0x0000000083c00000|  0%| F|  |TAMS 0x0000000083b00000, 0x0000000083b00000| Untracked 
|  40|0x0000000083c00000, 0x0000000083c00000, 0x0000000083d00000|  0%| F|  |TAMS 0x0000000083c00000, 0x0000000083c00000| Untracked 
|  41|0x0000000083d00000, 0x0000000083d00000, 0x0000000083e00000|  0%| F|  |TAMS 0x0000000083d00000, 0x0000000083d00000| Untracked 
|  42|0x0000000083e00000, 0x0000000083e00000, 0x0000000083f00000|  0%| F|  |TAMS 0x0000000083e00000, 0x0000000083e00000| Untracked 
|  43|0x0000000083f00000, 0x0000000083f00000, 0x0000000084000000|  0%| F|  |TAMS 0x0000000083f00000, 0x0000000083f00000| Untracked 
|  44|0x0000000084000000, 0x0000000084000000, 0x0000000084100000|  0%| F|  |TAMS 0x0000000084000000, 0x0000000084000000| Untracked 
|  45|0x0000000084100000, 0x0000000084100000, 0x0000000084200000|  0%| F|  |TAMS 0x0000000084100000, 0x0000000084100000| Untracked 
|  46|0x0000000084200000, 0x0000000084200000, 0x0000000084300000|  0%| F|  |TAMS 0x0000000084200000, 0x0000000084200000| Untracked 
|  47|0x0000000084300000, 0x0000000084300000, 0x0000000084400000|  0%| F|  |TAMS 0x0000000084300000, 0x0000000084300000| Untracked 
|  48|0x0000000084400000, 0x0000000084400000, 0x0000000084500000|  0%| F|  |TAMS 0x0000000084400000, 0x0000000084400000| Untracked 
|  49|0x0000000084500000, 0x0000000084500000, 0x0000000084600000|  0%| F|  |TAMS 0x0000000084500000, 0x0000000084500000| Untracked 
|  50|0x0000000084600000, 0x0000000084600000, 0x0000000084700000|  0%| F|  |TAMS 0x0000000084600000, 0x0000000084600000| Untracked 
|  51|0x0000000084700000, 0x0000000084700000, 0x0000000084800000|  0%| F|  |TAMS 0x0000000084700000, 0x0000000084700000| Untracked 
|  52|0x0000000084800000, 0x0000000084800000, 0x0000000084900000|  0%| F|  |TAMS 0x0000000084800000, 0x0000000084800000| Untracked 
|  53|0x0000000084900000, 0x0000000084900000, 0x0000000084a00000|  0%| F|  |TAMS 0x0000000084900000, 0x0000000084900000| Untracked 
|  54|0x0000000084a00000, 0x0000000084a00000, 0x0000000084b00000|  0%| F|  |TAMS 0x0000000084a00000, 0x0000000084a00000| Untracked 
|  55|0x0000000084b00000, 0x0000000084b00000, 0x0000000084c00000|  0%| F|  |TAMS 0x0000000084b00000, 0x0000000084b00000| Untracked 
|  56|0x0000000084c00000, 0x0000000084c00000, 0x0000000084d00000|  0%| F|  |TAMS 0x0000000084c00000, 0x0000000084c00000| Untracked 
|  57|0x0000000084d00000, 0x0000000084d00000, 0x0000000084e00000|  0%| F|  |TAMS 0x0000000084d00000, 0x0000000084d00000| Untracked 
|  58|0x0000000084e00000, 0x0000000084e00000, 0x0000000084f00000|  0%| F|  |TAMS 0x0000000084e00000, 0x0000000084e00000| Untracked 
|  59|0x0000000084f00000, 0x0000000084f00000, 0x0000000085000000|  0%| F|  |TAMS 0x0000000084f00000, 0x0000000084f00000| Untracked 
|  60|0x0000000085000000, 0x0000000085000000, 0x0000000085100000|  0%| F|  |TAMS 0x0000000085000000, 0x0000000085000000| Untracked 
|  61|0x0000000085100000, 0x0000000085100000, 0x0000000085200000|  0%| F|  |TAMS 0x0000000085100000, 0x0000000085100000| Untracked 
|  62|0x0000000085200000, 0x0000000085200000, 0x0000000085300000|  0%| F|  |TAMS 0x0000000085200000, 0x0000000085200000| Untracked 
|  63|0x0000000085300000, 0x0000000085300000, 0x0000000085400000|  0%| F|  |TAMS 0x0000000085300000, 0x0000000085300000| Untracked 
|  64|0x0000000085400000, 0x0000000085400000, 0x0000000085500000|  0%| F|  |TAMS 0x0000000085400000, 0x0000000085400000| Untracked 
|  65|0x0000000085500000, 0x0000000085500000, 0x0000000085600000|  0%| F|  |TAMS 0x0000000085500000, 0x0000000085500000| Untracked 
|  66|0x0000000085600000, 0x0000000085600000, 0x0000000085700000|  0%| F|  |TAMS 0x0000000085600000, 0x0000000085600000| Untracked 
|  67|0x0000000085700000, 0x0000000085700000, 0x0000000085800000|  0%| F|  |TAMS 0x0000000085700000, 0x0000000085700000| Untracked 
|  68|0x0000000085800000, 0x0000000085800000, 0x0000000085900000|  0%| F|  |TAMS 0x0000000085800000, 0x0000000085800000| Untracked 
|  69|0x0000000085900000, 0x0000000085900000, 0x0000000085a00000|  0%| F|  |TAMS 0x0000000085900000, 0x0000000085900000| Untracked 
|  70|0x0000000085a00000, 0x0000000085a00000, 0x0000000085b00000|  0%| F|  |TAMS 0x0000000085a00000, 0x0000000085a00000| Untracked 
|  71|0x0000000085b00000, 0x0000000085b00000, 0x0000000085c00000|  0%| F|  |TAMS 0x0000000085b00000, 0x0000000085b00000| Untracked 
|  72|0x0000000085c00000, 0x0000000085c00000, 0x0000000085d00000|  0%| F|  |TAMS 0x0000000085c00000, 0x0000000085c00000| Untracked 
|  73|0x0000000085d00000, 0x0000000085d00000, 0x0000000085e00000|  0%| F|  |TAMS 0x0000000085d00000, 0x0000000085d00000| Untracked 
|  74|0x0000000085e00000, 0x0000000085e00000, 0x0000000085f00000|  0%| F|  |TAMS 0x0000000085e00000, 0x0000000085e00000| Untracked 
|  75|0x0000000085f00000, 0x0000000085f00000, 0x0000000086000000|  0%| F|  |TAMS 0x0000000085f00000, 0x0000000085f00000| Untracked 
|  76|0x0000000086000000, 0x0000000086000000, 0x0000000086100000|  0%| F|  |TAMS 0x0000000086000000, 0x0000000086000000| Untracked 
|  77|0x0000000086100000, 0x0000000086100000, 0x0000000086200000|  0%| F|  |TAMS 0x0000000086100000, 0x0000000086100000| Untracked 
|  78|0x0000000086200000, 0x0000000086200000, 0x0000000086300000|  0%| F|  |TAMS 0x0000000086200000, 0x0000000086200000| Untracked 
|  79|0x0000000086300000, 0x0000000086300000, 0x0000000086400000|  0%| F|  |TAMS 0x0000000086300000, 0x0000000086300000| Untracked 
|  80|0x0000000086400000, 0x0000000086400000, 0x0000000086500000|  0%| F|  |TAMS 0x0000000086400000, 0x0000000086400000| Untracked 
|  81|0x0000000086500000, 0x0000000086500000, 0x0000000086600000|  0%| F|  |TAMS 0x0000000086500000, 0x0000000086500000| Untracked 
|  82|0x0000000086600000, 0x0000000086600000, 0x0000000086700000|  0%| F|  |TAMS 0x0000000086600000, 0x0000000086600000| Untracked 
|  83|0x0000000086700000, 0x0000000086700000, 0x0000000086800000|  0%| F|  |TAMS 0x0000000086700000, 0x0000000086700000| Untracked 
|  84|0x0000000086800000, 0x0000000086800000, 0x0000000086900000|  0%| F|  |TAMS 0x0000000086800000, 0x0000000086800000| Untracked 
|  85|0x0000000086900000, 0x0000000086900000, 0x0000000086a00000|  0%| F|  |TAMS 0x0000000086900000, 0x0000000086900000| Untracked 
|  86|0x0000000086a00000, 0x0000000086a00000, 0x0000000086b00000|  0%| F|  |TAMS 0x0000000086a00000, 0x0000000086a00000| Untracked 
|  87|0x0000000086b00000, 0x0000000086b00000, 0x0000000086c00000|  0%| F|  |TAMS 0x0000000086b00000, 0x0000000086b00000| Untracked 
|  88|0x0000000086c00000, 0x0000000086c00000, 0x0000000086d00000|  0%| F|  |TAMS 0x0000000086c00000, 0x0000000086c00000| Untracked 
|  89|0x0000000086d00000, 0x0000000086d00000, 0x0000000086e00000|  0%| F|  |TAMS 0x0000000086d00000, 0x0000000086d00000| Untracked 
|  90|0x0000000086e00000, 0x0000000086e00000, 0x0000000086f00000|  0%| F|  |TAMS 0x0000000086e00000, 0x0000000086e00000| Untracked 
|  91|0x0000000086f00000, 0x0000000086f00000, 0x0000000087000000|  0%| F|  |TAMS 0x0000000086f00000, 0x0000000086f00000| Untracked 
|  92|0x0000000087000000, 0x0000000087000000, 0x0000000087100000|  0%| F|  |TAMS 0x0000000087000000, 0x0000000087000000| Untracked 
|  93|0x0000000087100000, 0x0000000087100000, 0x0000000087200000|  0%| F|  |TAMS 0x0000000087100000, 0x0000000087100000| Untracked 
|  94|0x0000000087200000, 0x0000000087200000, 0x0000000087300000|  0%| F|  |TAMS 0x0000000087200000, 0x0000000087200000| Untracked 
|  95|0x0000000087300000, 0x0000000087300000, 0x0000000087400000|  0%| F|  |TAMS 0x0000000087300000, 0x0000000087300000| Untracked 
|  96|0x0000000087400000, 0x0000000087400000, 0x0000000087500000|  0%| F|  |TAMS 0x0000000087400000, 0x0000000087400000| Untracked 
|  97|0x0000000087500000, 0x0000000087500000, 0x0000000087600000|  0%| F|  |TAMS 0x0000000087500000, 0x0000000087500000| Untracked 
|  98|0x0000000087600000, 0x0000000087600000, 0x0000000087700000|  0%| F|  |TAMS 0x0000000087600000, 0x0000000087600000| Untracked 
|  99|0x0000000087700000, 0x0000000087700000, 0x0000000087800000|  0%| F|  |TAMS 0x0000000087700000, 0x0000000087700000| Untracked 
| 100|0x0000000087800000, 0x0000000087800000, 0x0000000087900000|  0%| F|  |TAMS 0x0000000087800000, 0x0000000087800000| Untracked 
| 101|0x0000000087900000, 0x0000000087900000, 0x0000000087a00000|  0%| F|  |TAMS 0x0000000087900000, 0x0000000087900000| Untracked 
| 102|0x0000000087a00000, 0x0000000087a00000, 0x0000000087b00000|  0%| F|  |TAMS 0x0000000087a00000, 0x0000000087a00000| Untracked 
| 103|0x0000000087b00000, 0x0000000087b00000, 0x0000000087c00000|  0%| F|  |TAMS 0x0000000087b00000, 0x0000000087b00000| Untracked 
| 104|0x0000000087c00000, 0x0000000087c00000, 0x0000000087d00000|  0%| F|  |TAMS 0x0000000087c00000, 0x0000000087c00000| Untracked 
| 105|0x0000000087d00000, 0x0000000087d00000, 0x0000000087e00000|  0%| F|  |TAMS 0x0000000087d00000, 0x0000000087d00000| Untracked 
| 106|0x0000000087e00000, 0x0000000087e00000, 0x0000000087f00000|  0%| F|  |TAMS 0x0000000087e00000, 0x0000000087e00000| Untracked 
| 107|0x0000000087f00000, 0x0000000087f00000, 0x0000000088000000|  0%| F|  |TAMS 0x0000000087f00000, 0x0000000087f00000| Untracked 
| 108|0x0000000088000000, 0x0000000088000000, 0x0000000088100000|  0%| F|  |TAMS 0x0000000088000000, 0x0000000088000000| Untracked 
| 109|0x0000000088100000, 0x0000000088100000, 0x0000000088200000|  0%| F|  |TAMS 0x0000000088100000, 0x0000000088100000| Untracked 
| 110|0x0000000088200000, 0x0000000088200000, 0x0000000088300000|  0%| F|  |TAMS 0x0000000088200000, 0x0000000088200000| Untracked 
| 111|0x0000000088300000, 0x0000000088300000, 0x0000000088400000|  0%| F|  |TAMS 0x0000000088300000, 0x0000000088300000| Untracked 
| 112|0x0000000088400000, 0x0000000088400000, 0x0000000088500000|  0%| F|  |TAMS 0x0000000088400000, 0x0000000088400000| Untracked 
| 113|0x0000000088500000, 0x0000000088500000, 0x0000000088600000|  0%| F|  |TAMS 0x0000000088500000, 0x0000000088500000| Untracked 
| 114|0x0000000088600000, 0x0000000088700000, 0x0000000088700000|100%| S|CS|TAMS 0x0000000088600000, 0x0000000088600000| Complete 
| 115|0x0000000088700000, 0x0000000088800000, 0x0000000088800000|100%| S|CS|TAMS 0x0000000088700000, 0x0000000088700000| Complete 
| 116|0x0000000088800000, 0x0000000088800000, 0x0000000088900000|  0%| F|  |TAMS 0x0000000088800000, 0x0000000088800000| Untracked 
| 117|0x0000000088900000, 0x0000000088900000, 0x0000000088a00000|  0%| F|  |TAMS 0x0000000088900000, 0x0000000088900000| Untracked 
| 118|0x0000000088a00000, 0x0000000088a00000, 0x0000000088b00000|  0%| F|  |TAMS 0x0000000088a00000, 0x0000000088a00000| Untracked 
| 119|0x0000000088b00000, 0x0000000088b00000, 0x0000000088c00000|  0%| F|  |TAMS 0x0000000088b00000, 0x0000000088b00000| Untracked 
| 120|0x0000000088c00000, 0x0000000088c00000, 0x0000000088d00000|  0%| F|  |TAMS 0x0000000088c00000, 0x0000000088c00000| Untracked 
| 121|0x0000000088d00000, 0x0000000088d00000, 0x0000000088e00000|  0%| F|  |TAMS 0x0000000088d00000, 0x0000000088d00000| Untracked 
| 122|0x0000000088e00000, 0x0000000088e00000, 0x0000000088f00000|  0%| F|  |TAMS 0x0000000088e00000, 0x0000000088e00000| Untracked 
| 123|0x0000000088f00000, 0x0000000088f00000, 0x0000000089000000|  0%| F|  |TAMS 0x0000000088f00000, 0x0000000088f00000| Untracked 
| 124|0x0000000089000000, 0x0000000089000000, 0x0000000089100000|  0%| F|  |TAMS 0x0000000089000000, 0x0000000089000000| Untracked 
| 125|0x0000000089100000, 0x0000000089100000, 0x0000000089200000|  0%| F|  |TAMS 0x0000000089100000, 0x0000000089100000| Untracked 
| 126|0x0000000089200000, 0x0000000089200000, 0x0000000089300000|  0%| F|  |TAMS 0x0000000089200000, 0x0000000089200000| Untracked 
| 127|0x0000000089300000, 0x0000000089300000, 0x0000000089400000|  0%| F|  |TAMS 0x0000000089300000, 0x0000000089300000| Untracked 

Card table byte_map: [0x0000024b2e530000,0x0000024b2e930000] _byte_map_base: 0x0000024b2e126000

Marking Bits (Prev, Next): (CMBitMap*) 0x0000024b1b762110, (CMBitMap*) 0x0000024b1b762150
 Prev Bits: [0x0000024b2ed30000, 0x0000024b30ce0000)
 Next Bits: [0x0000024b30ce0000, 0x0000024b32c90000)

Polling page: 0x0000024b196f0000

Metaspace:

Usage:
  Non-class:     11.19 MB capacity,    11.07 MB ( 99%) used,   111.75 KB ( <1%) free+waste,    14.06 KB ( <1%) overhead. 
      Class:      1.29 MB capacity,     1.23 MB ( 95%) used,    57.36 KB (  4%) free+waste,     5.56 KB ( <1%) overhead. 
       Both:     12.48 MB capacity,    12.30 MB ( 99%) used,   169.11 KB (  1%) free+waste,    19.62 KB ( <1%) overhead. 

Virtual space:
  Non-class space:       20.00 MB reserved,      11.25 MB ( 56%) committed 
      Class space:        1.00 GB reserved,       1.38 MB ( <1%) committed 
             Both:        1.02 GB reserved,      12.62 MB (  1%) committed 

Chunk freelists:
   Non-Class:  60.00 KB
       Class:  25.00 KB
        Both:  85.00 KB

MaxMetaspaceSize: 17179869184.00 GB
CompressedClassSpaceSize: 1.00 GB

CodeHeap 'non-profiled nmethods': size=238912Kb used=1068Kb max_used=1068Kb free=237844Kb
 bounds [0x0000024b1f7e0000, 0x0000024b1fa50000, 0x0000024b2e130000]
CodeHeap 'non-nmethods': size=6848Kb used=1149Kb max_used=1149Kb free=5698Kb
 bounds [0x0000024b1f130000, 0x0000024b1f3a0000, 0x0000024b1f7e0000]
 total_blobs=1265 nmethods=859 adapters=334
 compilation: enabled
              stopped_count=0, restarted_count=0
 full_count=0

Compilation events (20 events):
Event: 1.184 Thread 0x0000024b35a12510  850       1       java.nio.HeapByteBuffer::isDirect (2 bytes)
Event: 1.184 Thread 0x0000024b35a12510 nmethod 850 0x0000024b1f8e8b90 code [0x0000024b1f8e8d20, 0x0000024b1f8e8dd8]
Event: 1.184 Thread 0x0000024b35a12510  851   !   1       java.nio.DirectIntBufferU::get (33 bytes)
Event: 1.184 Thread 0x0000024b35a12510 nmethod 851 0x0000024b1f8e8e90 code [0x0000024b1f8e9040, 0x0000024b1f8e91a8]
Event: 1.184 Thread 0x0000024b35a12510  852       1       java.nio.DirectIntBufferU::ix (10 bytes)
Event: 1.185 Thread 0x0000024b35a12510 nmethod 852 0x0000024b1f8e9310 code [0x0000024b1f8e94a0, 0x0000024b1f8e9578]
Event: 1.185 Thread 0x0000024b35a12510  853       1       java.nio.MappedByteBuffer::<init> (22 bytes)
Event: 1.185 Thread 0x0000024b35a12510 nmethod 853 0x0000024b1f8e9610 code [0x0000024b1f8e97a0, 0x0000024b1f8e98c8]
Event: 1.185 Thread 0x0000024b35a12510  855       1       java.nio.MappedByteBuffer::limit (6 bytes)
Event: 1.185 Thread 0x0000024b35a12510 nmethod 855 0x0000024b1f8e9990 code [0x0000024b1f8e9b20, 0x0000024b1f8e9c08]
Event: 1.185 Thread 0x0000024b35a12510  856       1       java.nio.MappedByteBuffer::position (6 bytes)
Event: 1.185 Thread 0x0000024b35a12510 nmethod 856 0x0000024b1f8e9c90 code [0x0000024b1f8e9e20, 0x0000024b1f8e9f08]
Event: 1.185 Thread 0x0000024b35a12510  857       1       java.nio.DirectByteBuffer::<init> (55 bytes)
Event: 1.185 Thread 0x0000024b35a12510 nmethod 857 0x0000024b1f8e9f90 code [0x0000024b1f8ea140, 0x0000024b1f8ea388]
Event: 1.185 Thread 0x0000024b35a12510  858   !   1       jdk.internal.jimage.BasicImageReader::slice (32 bytes)
Event: 1.186 Thread 0x0000024b35a12510 nmethod 858 0x0000024b1f8ea490 code [0x0000024b1f8ea640, 0x0000024b1f8ea848]
Event: 1.186 Thread 0x0000024b35a12510  859       1       java.nio.MappedByteBuffer::limit (6 bytes)
Event: 1.186 Thread 0x0000024b35a12510 nmethod 859 0x0000024b1f8eaa10 code [0x0000024b1f8eaba0, 0x0000024b1f8eac88]
Event: 1.186 Thread 0x0000024b35a12510  854       1       java.nio.ByteBuffer::<init> (14 bytes)
Event: 1.186 Thread 0x0000024b35a12510 nmethod 854 0x0000024b1f8ead10 code [0x0000024b1f8eaea0, 0x0000024b1f8eaf88]

GC Heap History (2 events):
Event: 1.186 GC heap before
{Heap before GC invocations=0 (full 0):
 garbage-first heap   total 131072K, used 11264K [0x0000000081400000, 0x0000000100000000)
  region size 1024K, 12 young (12288K), 0 survivors (0K)
 Metaspace       used 12590K, capacity 12779K, committed 12928K, reserved 1067008K
  class space    used 1256K, capacity 1319K, committed 1408K, reserved 1048576K
}
Event: 1.202 GC heap after
{Heap after GC invocations=1 (full 0):
 garbage-first heap   total 131072K, used 6068K [0x0000000081400000, 0x0000000100000000)
  region size 1024K, 2 young (2048K), 2 survivors (2048K)
 Metaspace       used 12590K, capacity 12779K, committed 12928K, reserved 1067008K
  class space    used 1256K, capacity 1319K, committed 1408K, reserved 1048576K
}

Deoptimization events (0 events):
No events

Classes unloaded (0 events):
No events

Classes redefined (0 events):
No events

Internal exceptions (16 events):
Event: 0.454 Thread 0x0000024b1b71fd70 Exception <a 'java/lang/NoSuchMethodError'{0x0000000089291138}: 'void java.lang.invoke.DirectMethodHandle$Holder.invokeSpecial(java.lang.Object, java.lang.Object, java.lang.Object)'> (0x0000000089291138) 
thrown [./open/src/hotspot/share/interpreter/linkResolver.cpp, line 782]
Event: 0.649 Thread 0x0000024b1b71fd70 Exception <a 'java/lang/NoSuchMethodError'{0x0000000088e97680}: 'java.lang.Object java.lang.invoke.DirectMethodHandle$Holder.invokeStatic(java.lang.Object)'> (0x0000000088e97680) 
thrown [./open/src/hotspot/share/interpreter/linkResolver.cpp, line 782]
Event: 0.649 Thread 0x0000024b1b71fd70 Exception <a 'java/lang/NoSuchMethodError'{0x0000000088e9add0}: 'java.lang.Object java.lang.invoke.DirectMethodHandle$Holder.invokeStaticInit(java.lang.Object)'> (0x0000000088e9add0) 
thrown [./open/src/hotspot/share/interpreter/linkResolver.cpp, line 782]
Event: 0.688 Thread 0x0000024b1b71fd70 Exception <a 'java/lang/NoSuchMethodError'{0x0000000088ebee08}: 'java.lang.Object java.lang.invoke.DirectMethodHandle$Holder.invokeInterface(java.lang.Object, java.lang.Object)'> (0x0000000088ebee08) 
thrown [./open/src/hotspot/share/interpreter/linkResolver.cpp, line 782]
Event: 0.690 Thread 0x0000024b1b71fd70 Exception <a 'java/lang/NoSuchMethodError'{0x0000000088ec7498}: 'java.lang.Object java.lang.invoke.DirectMethodHandle$Holder.invokeStaticInit(java.lang.Object, java.lang.Object, java.lang.Object)'> (0x0000000088ec7498) 
thrown [./open/src/hotspot/share/interpreter/linkResolver.cpp, line 782]
Event: 0.694 Thread 0x0000024b1b71fd70 Exception <a 'java/lang/NoSuchMethodError'{0x0000000088ee6028}: 'int java.lang.invoke.DirectMethodHandle$Holder.invokeInterface(java.lang.Object, java.lang.Object)'> (0x0000000088ee6028) 
thrown [./open/src/hotspot/share/interpreter/linkResolver.cpp, line 782]
Event: 0.695 Thread 0x0000024b1b71fd70 Exception <a 'java/lang/IncompatibleClassChangeError'{0x0000000088ee9820}: Found class java.lang.Object, but interface was expected> (0x0000000088ee9820) 
thrown [./open/src/hotspot/share/interpreter/linkResolver.cpp, line 848]
Event: 0.696 Thread 0x0000024b1b71fd70 Exception <a 'java/lang/NoSuchMethodError'{0x0000000088eefad8}: 'void java.lang.invoke.DirectMethodHandle$Holder.invokeStatic(java.lang.Object, java.lang.Object)'> (0x0000000088eefad8) 
thrown [./open/src/hotspot/share/interpreter/linkResolver.cpp, line 782]
Event: 0.766 Thread 0x0000024b1b71fd70 Exception <a 'java/lang/NoSuchMethodError'{0x0000000088daeec8}: 'int java.lang.invoke.DirectMethodHandle$Holder.invokeSpecial(java.lang.Object, java.lang.Object, java.lang.Object)'> (0x0000000088daeec8) 
thrown [./open/src/hotspot/share/interpreter/linkResolver.cpp, line 782]
Event: 0.838 Thread 0x0000024b1b71fd70 Exception <a 'java/lang/NoSuchMethodError'{0x0000000088c82168}: 'void java.lang.invoke.DirectMethodHandle$Holder.invokeStatic(java.lang.Object, java.lang.Object, java.lang.Object)'> (0x0000000088c82168) 
thrown [./open/src/hotspot/share/interpreter/linkResolver.cpp, line 782]
Event: 0.887 Thread 0x0000024b1b71fd70 Exception <a 'java/lang/NoSuchMethodError'{0x0000000088ce0f98}: 'int java.lang.invoke.DirectMethodHandle$Holder.invokeSpecialIFC(java.lang.Object, java.lang.Object, java.lang.Object)'> (0x0000000088ce0f98) 
thrown [./open/src/hotspot/share/interpreter/linkResolver.cpp, line 782]
Event: 0.918 Thread 0x0000024b1b71fd70 Exception <a 'java/lang/NoSuchMethodError'{0x0000000088b2bbe0}: 'void java.lang.invoke.DirectMethodHandle$Holder.invokeStaticInit(java.lang.Object, java.lang.Object)'> (0x0000000088b2bbe0) 
thrown [./open/src/hotspot/share/interpreter/linkResolver.cpp, line 782]
Event: 0.931 Thread 0x0000024b1b71fd70 Exception <a 'java/lang/NoSuchMethodError'{0x0000000088b58cd0}: 'java.lang.Object java.lang.invoke.DirectMethodHandle$Holder.invokeStaticInit(java.lang.Object, int, int, int, int)'> (0x0000000088b58cd0) 
thrown [./open/src/hotspot/share/interpreter/linkResolver.cpp, line 782]
Event: 1.034 Thread 0x0000024b1b71fd70 Exception <a 'java/lang/NoSuchMethodError'{0x0000000088b75c08}: 'java.lang.Object java.lang.invoke.DirectMethodHandle$Holder.invokeStaticInit(java.lang.Object, java.lang.Object, int, int, int, int)'> (0x0000000088b75c08) 
thrown [./open/src/hotspot/share/interpreter/linkResolver.cpp, line 782]
Event: 1.046 Thread 0x0000024b1b71fd70 Exception <a 'java/lang/ClassNotFoundException'{0x0000000088b92250}: javax/management/remote/rmi/RMIServerImpl_Skel> (0x0000000088b92250) 
thrown [./open/src/hotspot/share/classfile/systemDictionary.cpp, line 295]
Event: 1.132 Thread 0x0000024b1b71fd70 Exception <a 'java/lang/ClassNotFoundException'{0x0000000088ae1768}: jdk/internal/agent/resources/spi/agentProvider> (0x0000000088ae1768) 
thrown [./open/src/hotspot/share/classfile/systemDictionary.cpp, line 295]

Events (20 events):
Event: 1.145 loading class jdk/internal/loader/Resource done
Event: 1.145 loading class jdk/internal/loader/URLClassPath$FileLoader$1 done
Event: 1.145 loading class java/lang/Package
Event: 1.145 loading class java/lang/Package done
Event: 1.145 loading class java/lang/Package$VersionInfo
Event: 1.146 loading class java/lang/Package$VersionInfo done
Event: 1.146 loading class sun/nio/ByteBuffered
Event: 1.146 loading class sun/nio/ByteBuffered done
Event: 1.147 loading class jdk/internal/loader/URLClassPath$JarLoader$2
Event: 1.147 loading class jdk/internal/loader/URLClassPath$JarLoader$2 done
Event: 1.159 loading class java/security/AccessControlException
Event: 1.159 loading class java/security/AccessControlException done
Event: 1.175 loading class java/lang/NoSuchFieldError
Event: 1.175 loading class java/lang/NoSuchFieldError done
Event: 1.180 Loaded shared library C:\Users\Yessi Mateo\Downloads\Programas\sts-4.10.0.RELEASE\plugins\org.eclipse.justj.openjdk.hotspot.jre.full.win32.x86_64_15.0.2.v20210201-0955\jre\bin\verify.dll
Event: 1.182 loading class java/util/concurrent/LinkedBlockingQueue
Event: 1.182 loading class java/util/concurrent/LinkedBlockingQueue done
Event: 1.183 loading class java/util/concurrent/LinkedBlockingQueue$Node
Event: 1.183 loading class java/util/concurrent/LinkedBlockingQueue$Node done
Event: 1.186 Executing VM operation: CollectForMetadataAllocation


Dynamic libraries:
0x00007ff6f2590000 - 0x00007ff6f259d000 	C:\Users\Yessi Mateo\Downloads\Programas\sts-4.10.0.RELEASE\plugins\org.eclipse.justj.openjdk.hotspot.jre.full.win32.x86_64_15.0.2.v20210201-0955\jre\bin\javaw.exe
0x00007ffce0c10000 - 0x00007ffce0e05000 	C:\WINDOWS\SYSTEM32\ntdll.dll
0x00007ffce0b10000 - 0x00007ffce0bcd000 	C:\WINDOWS\System32\KERNEL32.DLL
0x00007ffcde510000 - 0x00007ffcde7d8000 	C:\WINDOWS\System32\KERNELBASE.dll
0x00007ffcdeb70000 - 0x00007ffcdec70000 	C:\WINDOWS\System32\ucrtbase.dll
0x00007ffcc1c60000 - 0x00007ffcc1c78000 	C:\Users\Yessi Mateo\Downloads\Programas\sts-4.10.0.RELEASE\plugins\org.eclipse.justj.openjdk.hotspot.jre.full.win32.x86_64_15.0.2.v20210201-0955\jre\bin\jli.dll
0x00007ffcc1c40000 - 0x00007ffcc1c59000 	C:\Users\Yessi Mateo\Downloads\Programas\sts-4.10.0.RELEASE\plugins\org.eclipse.justj.openjdk.hotspot.jre.full.win32.x86_64_15.0.2.v20210201-0955\jre\bin\VCRUNTIME140.dll
0x00007ffcdfee0000 - 0x00007ffce0080000 	C:\WINDOWS\System32\USER32.dll
0x00007ffcde8b0000 - 0x00007ffcde8d2000 	C:\WINDOWS\System32\win32u.dll
0x00007ffce0080000 - 0x00007ffce00aa000 	C:\WINDOWS\System32\GDI32.dll
0x00007ffcde3b0000 - 0x00007ffcde4bb000 	C:\WINDOWS\System32\gdi32full.dll
0x00007ffcde810000 - 0x00007ffcde8ad000 	C:\WINDOWS\System32\msvcp_win.dll
0x00007ffcd3ae0000 - 0x00007ffcd3d7a000 	C:\WINDOWS\WinSxS\amd64_microsoft.windows.common-controls_6595b64144ccf1df_6.0.19041.844_none_ca00b6081b84eb1d\COMCTL32.dll
0x00007ffcdf910000 - 0x00007ffcdf9ae000 	C:\WINDOWS\System32\msvcrt.dll
0x00007ffcdfeb0000 - 0x00007ffcdfee0000 	C:\WINDOWS\System32\IMM32.DLL
0x00007ffcdaea0000 - 0x00007ffcdaeac000 	C:\Users\Yessi Mateo\Downloads\Programas\sts-4.10.0.RELEASE\plugins\org.eclipse.justj.openjdk.hotspot.jre.full.win32.x86_64_15.0.2.v20210201-0955\jre\bin\vcruntime140_1.dll
0x00007ffcac300000 - 0x00007ffcac391000 	C:\Users\Yessi Mateo\Downloads\Programas\sts-4.10.0.RELEASE\plugins\org.eclipse.justj.openjdk.hotspot.jre.full.win32.x86_64_15.0.2.v20210201-0955\jre\bin\msvcp140.dll
0x00007ffc91ce0000 - 0x00007ffc9283e000 	C:\Users\Yessi Mateo\Downloads\Programas\sts-4.10.0.RELEASE\plugins\org.eclipse.justj.openjdk.hotspot.jre.full.win32.x86_64_15.0.2.v20210201-0955\jre\bin\server\jvm.dll
0x00007ffce0430000 - 0x00007ffce04dc000 	C:\WINDOWS\System32\ADVAPI32.dll
0x00007ffce0570000 - 0x00007ffce060b000 	C:\WINDOWS\System32\sechost.dll
0x00007ffcdf3c0000 - 0x00007ffcdf4eb000 	C:\WINDOWS\System32\RPCRT4.dll
0x00007ffce0560000 - 0x00007ffce0568000 	C:\WINDOWS\System32\PSAPI.DLL
0x00007ffccf6a0000 - 0x00007ffccf6c7000 	C:\WINDOWS\SYSTEM32\WINMM.dll
0x00007ffcd5ba0000 - 0x00007ffcd5baa000 	C:\WINDOWS\SYSTEM32\VERSION.dll
0x00007ffcd8d60000 - 0x00007ffcd8d69000 	C:\WINDOWS\SYSTEM32\WSOCK32.dll
0x00007ffce02e0000 - 0x00007ffce034b000 	C:\WINDOWS\System32\WS2_32.dll
0x00007ffcdcf00000 - 0x00007ffcdcf12000 	C:\WINDOWS\SYSTEM32\kernel.appcore.dll
0x00007ffcd7890000 - 0x00007ffcd789a000 	C:\Users\Yessi Mateo\Downloads\Programas\sts-4.10.0.RELEASE\plugins\org.eclipse.justj.openjdk.hotspot.jre.full.win32.x86_64_15.0.2.v20210201-0955\jre\bin\jimage.dll
0x00007ffcdc940000 - 0x00007ffcdcb24000 	C:\WINDOWS\SYSTEM32\DBGHELP.DLL
0x00007ffcc76c0000 - 0x00007ffcc76ec000 	C:\WINDOWS\SYSTEM32\dbgcore.DLL
0x00007ffcdeaf0000 - 0x00007ffcdeb70000 	C:\WINDOWS\System32\bcryptPrimitives.dll
0x00007ffcc16d0000 - 0x00007ffcc16f5000 	C:\Users\Yessi Mateo\Downloads\Programas\sts-4.10.0.RELEASE\plugins\org.eclipse.justj.openjdk.hotspot.jre.full.win32.x86_64_15.0.2.v20210201-0955\jre\bin\java.dll
0x00007ffcc2060000 - 0x00007ffcc2078000 	C:\Users\Yessi Mateo\Downloads\Programas\sts-4.10.0.RELEASE\plugins\org.eclipse.justj.openjdk.hotspot.jre.full.win32.x86_64_15.0.2.v20210201-0955\jre\bin\zip.dll
0x00007ffcdec70000 - 0x00007ffcdf3b2000 	C:\WINDOWS\System32\SHELL32.dll
0x00007ffcdc0e0000 - 0x00007ffcdc870000 	C:\WINDOWS\SYSTEM32\windows.storage.dll
0x00007ffce07b0000 - 0x00007ffce0b05000 	C:\WINDOWS\System32\combase.dll
0x00007ffcddcf0000 - 0x00007ffcddd1c000 	C:\WINDOWS\SYSTEM32\Wldp.dll
0x00007ffce00b0000 - 0x00007ffce015e000 	C:\WINDOWS\System32\SHCORE.dll
0x00007ffce01d0000 - 0x00007ffce0225000 	C:\WINDOWS\System32\shlwapi.dll
0x00007ffcde290000 - 0x00007ffcde2af000 	C:\WINDOWS\SYSTEM32\profapi.dll
0x00007ffcc16b0000 - 0x00007ffcc16c9000 	C:\Users\Yessi Mateo\Downloads\Programas\sts-4.10.0.RELEASE\plugins\org.eclipse.justj.openjdk.hotspot.jre.full.win32.x86_64_15.0.2.v20210201-0955\jre\bin\net.dll
0x00007ffcd87e0000 - 0x00007ffcd88eb000 	C:\WINDOWS\SYSTEM32\WINHTTP.dll
0x00007ffcdda60000 - 0x00007ffcddaca000 	C:\WINDOWS\system32\mswsock.dll
0x00007ffcc1690000 - 0x00007ffcc16a2000 	C:\Users\Yessi Mateo\Downloads\Programas\sts-4.10.0.RELEASE\plugins\org.eclipse.justj.openjdk.hotspot.jre.full.win32.x86_64_15.0.2.v20210201-0955\jre\bin\nio.dll
0x00007ffcd98c0000 - 0x00007ffcd98c9000 	C:\Users\Yessi Mateo\Downloads\Programas\sts-4.10.0.RELEASE\plugins\org.eclipse.justj.openjdk.hotspot.jre.full.win32.x86_64_15.0.2.v20210201-0955\jre\bin\management.dll
0x00007ffcd8380000 - 0x00007ffcd838b000 	C:\Users\Yessi Mateo\Downloads\Programas\sts-4.10.0.RELEASE\plugins\org.eclipse.justj.openjdk.hotspot.jre.full.win32.x86_64_15.0.2.v20210201-0955\jre\bin\management_ext.dll
0x00007ffcda880000 - 0x00007ffcda897000 	C:\WINDOWS\system32\napinsp.dll
0x00007ffcd5bc0000 - 0x00007ffcd5bdb000 	C:\WINDOWS\system32\pnrpnsp.dll
0x00007ffcd9470000 - 0x00007ffcd9485000 	C:\WINDOWS\system32\wshbth.dll
0x00007ffcda740000 - 0x00007ffcda75d000 	C:\WINDOWS\system32\NLAapi.dll
0x00007ffcdd750000 - 0x00007ffcdd78b000 	C:\WINDOWS\SYSTEM32\IPHLPAPI.DLL
0x00007ffcdd790000 - 0x00007ffcdd85c000 	C:\WINDOWS\SYSTEM32\DNSAPI.dll
0x00007ffce0420000 - 0x00007ffce0428000 	C:\WINDOWS\System32\NSI.dll
0x00007ffcc5640000 - 0x00007ffcc5652000 	C:\WINDOWS\System32\winrnr.dll
0x00007ffcd7140000 - 0x00007ffcd714a000 	C:\Windows\System32\rasadhlp.dll
0x00007ffcc98f0000 - 0x00007ffcc996f000 	C:\WINDOWS\System32\fwpuclnt.dll
0x00007ffcde7e0000 - 0x00007ffcde807000 	C:\WINDOWS\System32\bcrypt.dll
0x00007ffcddc30000 - 0x00007ffcddc48000 	C:\WINDOWS\SYSTEM32\CRYPTSP.dll
0x00007ffcdd400000 - 0x00007ffcdd434000 	C:\WINDOWS\system32\rsaenh.dll
0x00007ffcde250000 - 0x00007ffcde27e000 	C:\WINDOWS\SYSTEM32\USERENV.dll
0x00007ffcddc50000 - 0x00007ffcddc5c000 	C:\WINDOWS\SYSTEM32\CRYPTBASE.dll
0x00007ffcd6cc0000 - 0x00007ffcd6cd7000 	C:\WINDOWS\SYSTEM32\dhcpcsvc6.DLL
0x00007ffcd6f00000 - 0x00007ffcd6f1d000 	C:\WINDOWS\SYSTEM32\dhcpcsvc.DLL
0x00007ffcd6b90000 - 0x00007ffcd6ba0000 	C:\Users\Yessi Mateo\Downloads\Programas\sts-4.10.0.RELEASE\plugins\org.eclipse.justj.openjdk.hotspot.jre.full.win32.x86_64_15.0.2.v20210201-0955\jre\bin\verify.dll

dbghelp: loaded successfully - version: 4.0.5 - missing functions: none
symbol engine: initialized successfully - sym options: 0x614 - pdb path: .;C:\Users\Yessi Mateo\Downloads\Programas\sts-4.10.0.RELEASE\plugins\org.eclipse.justj.openjdk.hotspot.jre.full.win32.x86_64_15.0.2.v20210201-0955\jre\bin;C:\WINDOWS\SYSTEM32;C:\WINDOWS\WinSxS\amd64_microsoft.windows.common-controls_6595b64144ccf1df_6.0.19041.844_none_ca00b6081b84eb1d;C:\Users\Yessi Mateo\Downloads\Programas\sts-4.10.0.RELEASE\plugins\org.eclipse.justj.openjdk.hotspot.jre.full.win32.x86_64_15.0.2.v20210201-0955\jre\bin\server

VM Arguments:
jvm_args: -Dcom.sun.management.jmxremote -Dcom.sun.management.jmxremote.port=51066 -Dcom.sun.management.jmxremote.authenticate=false -Dcom.sun.management.jmxremote.ssl=false -Djava.rmi.server.hostname=localhost -Dspring.jmx.enabled=true -Dspring.application.admin.enabled=true -XX:TieredStopAtLevel=1 -Dspring.boot.project.name=ProyectoFinalP3 -Dfile.encoding=UTF-8 -XX:+ShowCodeDetailsInExceptionMessages 
java_command: com.progra3.datos.ProyectoFinalP3Application --spring.output.ansi.enabled=always
java_class_path (initial): C:\Users\Yessi Mateo\Documents\workspace-spring-tool-suite-4-4.10.0.RELEASE\ProyectoFinalP3\target\classes;C:\Users\Yessi Mateo\.m2\repository\org\springframework\boot\spring-boot-starter-data-jpa\2.4.6\spring-boot-starter-data-jpa-2.4.6.jar;C:\Users\Yessi Mateo\.m2\repository\org\springframework\boot\spring-boot-starter-aop\2.4.6\spring-boot-starter-aop-2.4.6.jar;C:\Users\Yessi Mateo\.m2\repository\org\springframework\spring-aop\5.3.7\spring-aop-5.3.7.jar;C:\Users\Yessi Mateo\.m2\repository\org\aspectj\aspectjweaver\1.9.6\aspectjweaver-1.9.6.jar;C:\Users\Yessi Mateo\.m2\repository\org\springframework\boot\spring-boot-starter-jdbc\2.4.6\spring-boot-starter-jdbc-2.4.6.jar;C:\Users\Yessi Mateo\.m2\repository\com\zaxxer\HikariCP\3.4.5\HikariCP-3.4.5.jar;C:\Users\Yessi Mateo\.m2\repository\org\springframework\spring-jdbc\5.3.7\spring-jdbc-5.3.7.jar;C:\Users\Yessi Mateo\.m2\repository\jakarta\transaction\jakarta.transaction-api\1.3.3\jakarta.transaction-api-1.3.3.jar;C:\Users\Yessi Mateo\.m2\repository\jakarta\persistence\jakarta.persistence-api\2.2.3\jakarta.persistence-api-2.2.3.jar;C:\Users\Yessi Mateo\.m2\repository\org\hibernate\hibernate-core\5.4.31.Final\hibernate-core-5.4.31.Final.jar;C:\Users\Yessi Mateo\.m2\repository\org\jboss\logging\jboss-logging\3.4.1.Final\jboss-logging-3.4.1.Final.jar;C:\Users\Yessi Mateo\.m2\repository\org\javassist\javassist\3.27.0-GA\javassist-3.27.0-GA.jar;C:\Users\Yessi Mateo\.m2\repository\net\bytebuddy\byte-buddy\1.10.22\byte-buddy-1.10.22.jar;C:\Users\Yessi Mateo\.m2\repository\antlr\antlr\2.7.7\antlr-2.7.7.jar;C:\Users\Yessi Mateo\.m2\repository\org\jboss\jandex\2.2.3.Final\jandex-2.2.3.Final.jar;C:\Users\Yessi Mateo\.m2\repository\com\fasterxml\classmate\1.5.1\classmate-1.5.1.jar;C:\Users\Yessi Mateo\.m2\repository\org\dom4j\dom4j\2.1.3\dom4j-2.1.3.jar;C:\Users\Yessi Mateo\.m2\repository\org\hibernate\common\hibernate-commons-annotations\5.1.2.Final\hibernate-commons-annotations-5.1.2.Final.jar;C:\Us
Launcher Type: SUN_STANDARD

[Global flags]
     intx CICompilerCount                          = 3                                         {product} {ergonomic}
     uint ConcGCThreads                            = 1                                         {product} {ergonomic}
     uint G1ConcRefinementThreads                  = 4                                         {product} {ergonomic}
   size_t G1HeapRegionSize                         = 1048576                                   {product} {ergonomic}
    uintx GCDrainStackTargetSize                   = 64                                        {product} {ergonomic}
   size_t InitialHeapSize                          = 134217728                                 {product} {ergonomic}
     bool ManagementServer                         = true                                      {product} {command line}
   size_t MarkStackSize                            = 4194304                                   {product} {ergonomic}
   size_t MaxHeapSize                              = 2126512128                                {product} {ergonomic}
   size_t MaxNewSize                               = 1275068416                                {product} {ergonomic}
   size_t MinHeapDeltaBytes                        = 1048576                                   {product} {ergonomic}
   size_t MinHeapSize                              = 8388608                                   {product} {ergonomic}
    uintx NonNMethodCodeHeapSize                   = 6973028                                {pd product} {ergonomic}
    uintx NonProfiledCodeHeapSize                  = 244685212                              {pd product} {ergonomic}
    uintx ProfiledCodeHeapSize                     = 0                                      {pd product} {ergonomic}
    uintx ReservedCodeCacheSize                    = 251658240                              {pd product} {ergonomic}
     bool SegmentedCodeCache                       = true                                      {product} {ergonomic}
     bool ShowCodeDetailsInExceptionMessages       = true                                   {manageable} {command line}
   size_t SoftMaxHeapSize                          = 2126512128                             {manageable} {ergonomic}
     intx TieredStopAtLevel                        = 1                                         {product} {command line}
     bool UseCompressedClassPointers               = true                                 {lp64_product} {ergonomic}
     bool UseCompressedOops                        = true                                 {lp64_product} {ergonomic}
     bool UseG1GC                                  = true                                      {product} {ergonomic}
     bool UseLargePagesIndividualAllocation        = false                                  {pd product} {ergonomic}

Logging:
Log output configuration:
 #0: stdout all=warning uptime,level,tags
 #1: stderr all=off uptime,level,tags

Environment Variables:
JAVA_HOME=C:\Program Files\Java\jdk1.8.0_201
PATH=C:/Users/Yessi Mateo/Downloads/Programas/sts-4.10.0.RELEASE//plugins/org.eclipse.justj.openjdk.hotspot.jre.full.win32.x86_64_15.0.2.v20210201-0955/jre/bin/server;C:/Users/Yessi Mateo/Downloads/Programas/sts-4.10.0.RELEASE//plugins/org.eclipse.justj.openjdk.hotspot.jre.full.win32.x86_64_15.0.2.v20210201-0955/jre/bin;C:\ActiveTcl\bin;C:\Program Files (x86)\Common Files\Oracle\Java\javapath;C:\windows\system32;C:\windows;C:\windows\System32\Wbem;C:\windows\System32\WindowsPowerShell\v1.0\;C:\windows\System32\OpenSSH\;C:\Program Files (x86)\Intel\Intel(R) Management Engine Components\DAL;C:\Program Files\Intel\Intel(R) Management Engine Components\DAL;C:\Program Files (x86)\Intel\Intel(R) Management Engine Components\IPT;C:\Program Files\Intel\Intel(R) Management Engine Components\IPT;C:\Program Files (x86)\NVIDIA Corporation\PhysX\Common;C:\Program Files\Git\cmd;C:\WINDOWS\system32;C:\WINDOWS;C:\WINDOWS\System32\Wbem;C:\WINDOWS\System32\WindowsPowerShell\v1.0\;C:\WINDOWS\System32\OpenSSH\;C:\Program Files\Microsoft SQL Server\110\Tools\Binn\;C:\Users\Yessi Mateo\.dnx\bin;C:\Program Files\Microsoft DNX\Dnvm\;C:\Program Files\Microsoft SQL Server\130\Tools\Binn\;C:\Users\Yessi Mateo\AppData\Local\Microsoft\WindowsApps;C:\Users\Yessi Mateo\AppData\Local\Programs\Microsoft VS Code\bin;C:\adb;C:\Program Files\Polyspace\R2019a\runtime\win64;C:\Program Files\Polyspace\R2019a\bin;C:\Program Files\Polyspace\R2019a\polyspace\bin;C:\Program Files\Java\jdk1.8.0_201\bin;;C:\WINDOWS\system32;C:\WINDOWS;C:\WINDOWS\System32\Wbem;C:\WINDOWS\System32\WindowsPowerShell\v1.0\;C:\WINDOWS\System32\OpenSSH\;C:\Users\Yessi Mateo\AppData\Local\Microsoft\WindowsApps;;C:\Users\Yessi Mateo\Downloads\Programas\sts-4.10.0.RELEASE;
USERNAME=Yessi Mateo
OS=Windows_NT
PROCESSOR_IDENTIFIER=Intel64 Family 6 Model 142 Stepping 9, GenuineIntel



---------------  S Y S T E M  ---------------

OS:
 Windows 10 , 64 bit Build 19041 (10.0.19041.928)
OS uptime: 3 days 4:26 hours

CPU: total 4 (initial active 4) (2 cores per cpu, 2 threads per core) family 6 model 142 stepping 9 microcode 0xb4, cmov, cx8, fxsr, mmx, sse, sse2, sse3, ssse3, sse4.1, sse4.2, popcnt, vzeroupper, avx, avx2, aes, clmul, erms, 3dnowpref, lzcnt, ht, tsc, tscinvbit, bmi1, bmi2, adx, fma, clflush, clflushopt

Memory: 4k page, system-wide physical 8107M (1489M free)
TotalPageFile size 10016M (AvailPageFile size 3M)
current process WorkingSet (physical memory assigned to process): 62M, peak: 62M
current process commit charge ("private bytes"): 207M, peak: 208M

vm_info: OpenJDK 64-Bit Server VM (15.0.2+7-27) for windows-amd64 JRE (15.0.2+7-27), built on Dec  7 2020 20:02:38 by "mach5one" with unknown MS VC++:1925

END.
