#
# There is insufficient memory for the Java Runtime Environment to continue.
# Native memory allocation (malloc) failed to allocate 32744 bytes for ChunkPool::allocate
# Possible reasons:
#   The system is out of physical RAM or swap space
#   The process is running with CompressedOops enabled, and the Java Heap may be blocking the growth of the native heap
# Possible solutions:
#   Reduce memory load on the system
#   Increase physical memory or swap space
#   Check if swap backing store is full
#   Decrease Java heap size (-Xmx/-Xms)
#   Decrease number of Java threads
#   Decrease Java thread stack sizes (-Xss)
#   Set larger code cache with -XX:ReservedCodeCacheSize=
#   JVM is running with Unscaled Compressed Oops mode in which the Java heap is
#     placed in the first 4GB address space. The Java Heap base address is the
#     maximum limit for the native heap growth. Please use -XX:HeapBaseMinAddress
#     to set the Java Heap base and to place the Java Heap above 4GB virtual address.
# This output file may be truncated or incomplete.
#
#  Out of Memory Error (./open/src/hotspot/share/memory/arena.cpp:79), pid=23932, tid=15912
#
# JRE version: OpenJDK Runtime Environment (15.0.2+7) (build 15.0.2+7-27)
# Java VM: OpenJDK 64-Bit Server VM (15.0.2+7-27, mixed mode, tiered, compressed oops, g1 gc, windows-amd64)
# No core dump will be written. Minidumps are not enabled by default on client versions of Windows
#

---------------  S U M M A R Y ------------

Command Line: -Dcom.sun.management.jmxremote -Dcom.sun.management.jmxremote.port=53892 -Dcom.sun.management.jmxremote.authenticate=false -Dcom.sun.management.jmxremote.ssl=false -Djava.rmi.server.hostname=localhost -Dspring.jmx.enabled=true -Dspring.application.admin.enabled=true -XX:TieredStopAtLevel=1 -Dspring.boot.project.name=ProyectoFinalP3 -Dfile.encoding=UTF-8 -XX:+ShowCodeDetailsInExceptionMessages com.progra3.datos.ProyectoFinalP3Application --spring.output.ansi.enabled=always

Host: Intel(R) Core(TM) i7-7500U CPU @ 2.70GHz, 4 cores, 7G,  Windows 10 , 64 bit Build 19041 (10.0.19041.928)
Time: Sun May 23 21:29:47 2021 Hora estándar, América Central elapsed time: 0.714851 seconds (0d 0h 0m 0s)

---------------  T H R E A D  ---------------

Current thread (0x0000018e4fd2d6a0):  JavaThread "C1 CompilerThread0" daemon [_thread_in_native, id=15912, stack(0x0000002b4fd00000,0x0000002b4fe00000)]


Current CompileTask:
C1:    714  941       1       java.net.URLStreamHandler::parseURL (1201 bytes)

Stack: [0x0000002b4fd00000,0x0000002b4fe00000]
Native frames: (J=compiled Java code, j=interpreted, Vv=VM code, C=native code)
V  [jvm.dll+0x62ae9a]
V  [jvm.dll+0x7817a9]
V  [jvm.dll+0x782f03]
V  [jvm.dll+0x783563]
V  [jvm.dll+0x216325]
V  [jvm.dll+0x982cf]
V  [jvm.dll+0x9861c]
V  [jvm.dll+0x14feb3]
V  [jvm.dll+0xe8a3f]
V  [jvm.dll+0xe80e0]
V  [jvm.dll+0x138ad9]
V  [jvm.dll+0x13e113]
V  [jvm.dll+0x1398fe]
V  [jvm.dll+0x1278f0]
V  [jvm.dll+0x10ffd9]
V  [jvm.dll+0x10f91f]
V  [jvm.dll+0x10fb54]
V  [jvm.dll+0x10ee92]
V  [jvm.dll+0x110d2c]
V  [jvm.dll+0x1f9225]
V  [jvm.dll+0x1f72cc]
V  [jvm.dll+0x74495d]
V  [jvm.dll+0x73d75a]
V  [jvm.dll+0x629c56]
C  [ucrtbase.dll+0x21bb2]
C  [KERNEL32.DLL+0x17034]
C  [ntdll.dll+0x52651]


---------------  P R O C E S S  ---------------

Threads class SMR info:
_java_thread_list=0x0000018e50539870, length=13, elements={
0x0000018e35a3fbf0, 0x0000018e4f4cf3a0, 0x0000018e4f4d1e90, 0x0000018e4f4d8260,
0x0000018e4fd26000, 0x0000018e4fd278d0, 0x0000018e4fd2d6a0, 0x0000018e4fd2e3a0,
0x0000018e4fe1ff90, 0x0000018e4fef71b0, 0x0000018e50514420, 0x0000018e50504a60,
0x0000018e5051d260
}

Java Threads: ( => current thread )
  0x0000018e35a3fbf0 JavaThread "main" [_thread_blocked, id=15704, stack(0x0000002b4f000000,0x0000002b4f100000)]
  0x0000018e4f4cf3a0 JavaThread "Reference Handler" daemon [_thread_blocked, id=25520, stack(0x0000002b4f700000,0x0000002b4f800000)]
  0x0000018e4f4d1e90 JavaThread "Finalizer" daemon [_thread_blocked, id=6232, stack(0x0000002b4f800000,0x0000002b4f900000)]
  0x0000018e4f4d8260 JavaThread "Signal Dispatcher" daemon [_thread_blocked, id=28120, stack(0x0000002b4fa00000,0x0000002b4fb00000)]
  0x0000018e4fd26000 JavaThread "Attach Listener" daemon [_thread_blocked, id=13244, stack(0x0000002b4fb00000,0x0000002b4fc00000)]
  0x0000018e4fd278d0 JavaThread "Service Thread" daemon [_thread_blocked, id=14308, stack(0x0000002b4fc00000,0x0000002b4fd00000)]
=>0x0000018e4fd2d6a0 JavaThread "C1 CompilerThread0" daemon [_thread_in_native, id=15912, stack(0x0000002b4fd00000,0x0000002b4fe00000)]
  0x0000018e4fd2e3a0 JavaThread "Sweeper thread" daemon [_thread_blocked, id=27928, stack(0x0000002b4fe00000,0x0000002b4ff00000)]
  0x0000018e4fe1ff90 JavaThread "Common-Cleaner" daemon [_thread_blocked, id=16648, stack(0x0000002b4ff00000,0x0000002b50000000)]
  0x0000018e4fef71b0 JavaThread "Notification Thread" daemon [_thread_blocked, id=26092, stack(0x0000002b50000000,0x0000002b50100000)]
  0x0000018e50514420 JavaThread "RMI TCP Accept-0" daemon [_thread_in_native, id=14256, stack(0x0000002b50100000,0x0000002b50200000)]
  0x0000018e50504a60 JavaThread "RMI TCP Accept-53892" daemon [_thread_in_native, id=28228, stack(0x0000002b50200000,0x0000002b50300000)]
  0x0000018e5051d260 JavaThread "RMI TCP Accept-0" daemon [_thread_in_native, id=17300, stack(0x0000002b50300000,0x0000002b50400000)]

Other Threads:
  0x0000018e4f4b86c0 VMThread "VM Thread" [stack: 0x0000002b4f600000,0x0000002b4f700000] [id=26688]
  0x0000018e50504f30 WatcherThread [stack: 0x0000002b50400000,0x0000002b50500000] [id=18248]
  0x0000018e35a82b80 GCTaskThread "GC Thread#0" [stack: 0x0000002b4f100000,0x0000002b4f200000] [id=27780]
  0x0000018e506a8cd0 GCTaskThread "GC Thread#1" [stack: 0x0000002b50500000,0x0000002b50600000] [id=6332]
  0x0000018e35a93fc0 ConcurrentGCThread "G1 Main Marker" [stack: 0x0000002b4f200000,0x0000002b4f300000] [id=3588]
  0x0000018e35a94880 ConcurrentGCThread "G1 Conc#0" [stack: 0x0000002b4f300000,0x0000002b4f400000] [id=27844]
  0x0000018e35b00240 ConcurrentGCThread "G1 Refine#0" [stack: 0x0000002b4f400000,0x0000002b4f500000] [id=26240]
  0x0000018e35b00a90 ConcurrentGCThread "G1 Young RemSet Sampling" [stack: 0x0000002b4f500000,0x0000002b4f600000] [id=27032]

Threads with active compile tasks:
C1 CompilerThread0      897  941       1       java.net.URLStreamHandler::parseURL (1201 bytes)

VM state: at safepoint (normal execution)

VM Mutex/Monitor currently owned by a thread:  ([mutex/lock_event])
[0x0000018e35a3abe0] Threads_lock - owner thread: 0x0000018e4f4b86c0
[0x0000018e35a3c260] Heap_lock - owner thread: 0x0000018e35a3fbf0

Heap address: 0x0000000081400000, size: 2028 MB, Compressed Oops mode: 32-bit
CDS disabled.
Compressed class space mapped at: 0x0000000100000000-0x0000000140000000, size: 1073741824
Narrow klass base: 0x0000000000000000, Narrow klass shift: 3, Narrow klass range: 0x140000000

GC Precious Log:
 CPUs: 4 total, 4 available
 Memory: 8107M
 Large Page Support: Disabled
 NUMA Support: Disabled
 Compressed Oops: Enabled (32-bit)
 Heap Region Size: 1M
 Heap Min Capacity: 8M
 Heap Initial Capacity: 128M
 Heap Max Capacity: 2028M
 Pre-touch: Disabled
 Parallel Workers: 4
 Concurrent Workers: 1
 Concurrent Refinement Workers: 4
 Periodic GC: Disabled

Heap:
 garbage-first heap   total 131072K, used 14336K [0x0000000081400000, 0x0000000100000000)
  region size 1024K, 15 young (15360K), 2 survivors (2048K)
 Metaspace       used 13378K, capacity 13547K, committed 13696K, reserved 1060864K
  class space    used 1336K, capacity 1383K, committed 1408K, reserved 1048576K

Heap Regions: E=young(eden), S=young(survivor), O=old, HS=humongous(starts), HC=humongous(continues), CS=collection set, F=free, OA=open archive, CA=closed archive, TAMS=top-at-mark-start (previous, next)
|   0|0x0000000081400000, 0x0000000081500000, 0x0000000081500000|100%|HS|  |TAMS 0x0000000081400000, 0x0000000081400000| Complete 
|   1|0x0000000081500000, 0x0000000081600000, 0x0000000081600000|100%| O|  |TAMS 0x0000000081500000, 0x0000000081500000| Untracked 
|   2|0x0000000081600000, 0x0000000081700000, 0x0000000081700000|100%| O|  |TAMS 0x0000000081600000, 0x0000000081600000| Untracked 
|   3|0x0000000081700000, 0x0000000081800000, 0x0000000081800000|100%| O|  |TAMS 0x0000000081700000, 0x0000000081700000| Untracked 
|   4|0x0000000081800000, 0x0000000081830a40, 0x0000000081900000| 19%| O|  |TAMS 0x0000000081800000, 0x0000000081800000| Untracked 
|   5|0x0000000081900000, 0x0000000081900000, 0x0000000081a00000|  0%| F|  |TAMS 0x0000000081900000, 0x0000000081900000| Untracked 
|   6|0x0000000081a00000, 0x0000000081a00000, 0x0000000081b00000|  0%| F|  |TAMS 0x0000000081a00000, 0x0000000081a00000| Untracked 
|   7|0x0000000081b00000, 0x0000000081b00000, 0x0000000081c00000|  0%| F|  |TAMS 0x0000000081b00000, 0x0000000081b00000| Untracked 
|   8|0x0000000081c00000, 0x0000000081c00000, 0x0000000081d00000|  0%| F|  |TAMS 0x0000000081c00000, 0x0000000081c00000| Untracked 
|   9|0x0000000081d00000, 0x0000000081d00000, 0x0000000081e00000|  0%| F|  |TAMS 0x0000000081d00000, 0x0000000081d00000| Untracked 
|  10|0x0000000081e00000, 0x0000000081e00000, 0x0000000081f00000|  0%| F|  |TAMS 0x0000000081e00000, 0x0000000081e00000| Untracked 
|  11|0x0000000081f00000, 0x0000000081f00000, 0x0000000082000000|  0%| F|  |TAMS 0x0000000081f00000, 0x0000000081f00000| Untracked 
|  12|0x0000000082000000, 0x0000000082000000, 0x0000000082100000|  0%| F|  |TAMS 0x0000000082000000, 0x0000000082000000| Untracked 
|  13|0x0000000082100000, 0x0000000082100000, 0x0000000082200000|  0%| F|  |TAMS 0x0000000082100000, 0x0000000082100000| Untracked 
|  14|0x0000000082200000, 0x0000000082200000, 0x0000000082300000|  0%| F|  |TAMS 0x0000000082200000, 0x0000000082200000| Untracked 
|  15|0x0000000082300000, 0x0000000082300000, 0x0000000082400000|  0%| F|  |TAMS 0x0000000082300000, 0x0000000082300000| Untracked 
|  16|0x0000000082400000, 0x0000000082400000, 0x0000000082500000|  0%| F|  |TAMS 0x0000000082400000, 0x0000000082400000| Untracked 
|  17|0x0000000082500000, 0x0000000082500000, 0x0000000082600000|  0%| F|  |TAMS 0x0000000082500000, 0x0000000082500000| Untracked 
|  18|0x0000000082600000, 0x0000000082600000, 0x0000000082700000|  0%| F|  |TAMS 0x0000000082600000, 0x0000000082600000| Untracked 
|  19|0x0000000082700000, 0x0000000082700000, 0x0000000082800000|  0%| F|  |TAMS 0x0000000082700000, 0x0000000082700000| Untracked 
|  20|0x0000000082800000, 0x0000000082800000, 0x0000000082900000|  0%| F|  |TAMS 0x0000000082800000, 0x0000000082800000| Untracked 
|  21|0x0000000082900000, 0x0000000082900000, 0x0000000082a00000|  0%| F|  |TAMS 0x0000000082900000, 0x0000000082900000| Untracked 
|  22|0x0000000082a00000, 0x0000000082a00000, 0x0000000082b00000|  0%| F|  |TAMS 0x0000000082a00000, 0x0000000082a00000| Untracked 
|  23|0x0000000082b00000, 0x0000000082b00000, 0x0000000082c00000|  0%| F|  |TAMS 0x0000000082b00000, 0x0000000082b00000| Untracked 
|  24|0x0000000082c00000, 0x0000000082c00000, 0x0000000082d00000|  0%| F|  |TAMS 0x0000000082c00000, 0x0000000082c00000| Untracked 
|  25|0x0000000082d00000, 0x0000000082d00000, 0x0000000082e00000|  0%| F|  |TAMS 0x0000000082d00000, 0x0000000082d00000| Untracked 
|  26|0x0000000082e00000, 0x0000000082e00000, 0x0000000082f00000|  0%| F|  |TAMS 0x0000000082e00000, 0x0000000082e00000| Untracked 
|  27|0x0000000082f00000, 0x0000000082f00000, 0x0000000083000000|  0%| F|  |TAMS 0x0000000082f00000, 0x0000000082f00000| Untracked 
|  28|0x0000000083000000, 0x0000000083000000, 0x0000000083100000|  0%| F|  |TAMS 0x0000000083000000, 0x0000000083000000| Untracked 
|  29|0x0000000083100000, 0x0000000083100000, 0x0000000083200000|  0%| F|  |TAMS 0x0000000083100000, 0x0000000083100000| Untracked 
|  30|0x0000000083200000, 0x0000000083200000, 0x0000000083300000|  0%| F|  |TAMS 0x0000000083200000, 0x0000000083200000| Untracked 
|  31|0x0000000083300000, 0x0000000083300000, 0x0000000083400000|  0%| F|  |TAMS 0x0000000083300000, 0x0000000083300000| Untracked 
|  32|0x0000000083400000, 0x0000000083400000, 0x0000000083500000|  0%| F|  |TAMS 0x0000000083400000, 0x0000000083400000| Untracked 
|  33|0x0000000083500000, 0x0000000083500000, 0x0000000083600000|  0%| F|  |TAMS 0x0000000083500000, 0x0000000083500000| Untracked 
|  34|0x0000000083600000, 0x0000000083600000, 0x0000000083700000|  0%| F|  |TAMS 0x0000000083600000, 0x0000000083600000| Untracked 
|  35|0x0000000083700000, 0x0000000083700000, 0x0000000083800000|  0%| F|  |TAMS 0x0000000083700000, 0x0000000083700000| Untracked 
|  36|0x0000000083800000, 0x0000000083800000, 0x0000000083900000|  0%| F|  |TAMS 0x0000000083800000, 0x0000000083800000| Untracked 
|  37|0x0000000083900000, 0x0000000083900000, 0x0000000083a00000|  0%| F|  |TAMS 0x0000000083900000, 0x0000000083900000| Untracked 
|  38|0x0000000083a00000, 0x0000000083a00000, 0x0000000083b00000|  0%| F|  |TAMS 0x0000000083a00000, 0x0000000083a00000| Untracked 
|  39|0x0000000083b00000, 0x0000000083b00000, 0x0000000083c00000|  0%| F|  |TAMS 0x0000000083b00000, 0x0000000083b00000| Untracked 
|  40|0x0000000083c00000, 0x0000000083c00000, 0x0000000083d00000|  0%| F|  |TAMS 0x0000000083c00000, 0x0000000083c00000| Untracked 
|  41|0x0000000083d00000, 0x0000000083d00000, 0x0000000083e00000|  0%| F|  |TAMS 0x0000000083d00000, 0x0000000083d00000| Untracked 
|  42|0x0000000083e00000, 0x0000000083e00000, 0x0000000083f00000|  0%| F|  |TAMS 0x0000000083e00000, 0x0000000083e00000| Untracked 
|  43|0x0000000083f00000, 0x0000000083f00000, 0x0000000084000000|  0%| F|  |TAMS 0x0000000083f00000, 0x0000000083f00000| Untracked 
|  44|0x0000000084000000, 0x0000000084000000, 0x0000000084100000|  0%| F|  |TAMS 0x0000000084000000, 0x0000000084000000| Untracked 
|  45|0x0000000084100000, 0x0000000084100000, 0x0000000084200000|  0%| F|  |TAMS 0x0000000084100000, 0x0000000084100000| Untracked 
|  46|0x0000000084200000, 0x0000000084200000, 0x0000000084300000|  0%| F|  |TAMS 0x0000000084200000, 0x0000000084200000| Untracked 
|  47|0x0000000084300000, 0x0000000084300000, 0x0000000084400000|  0%| F|  |TAMS 0x0000000084300000, 0x0000000084300000| Untracked 
|  48|0x0000000084400000, 0x0000000084400000, 0x0000000084500000|  0%| F|  |TAMS 0x0000000084400000, 0x0000000084400000| Untracked 
|  49|0x0000000084500000, 0x0000000084500000, 0x0000000084600000|  0%| F|  |TAMS 0x0000000084500000, 0x0000000084500000| Untracked 
|  50|0x0000000084600000, 0x0000000084600000, 0x0000000084700000|  0%| F|  |TAMS 0x0000000084600000, 0x0000000084600000| Untracked 
|  51|0x0000000084700000, 0x0000000084700000, 0x0000000084800000|  0%| F|  |TAMS 0x0000000084700000, 0x0000000084700000| Untracked 
|  52|0x0000000084800000, 0x0000000084800000, 0x0000000084900000|  0%| F|  |TAMS 0x0000000084800000, 0x0000000084800000| Untracked 
|  53|0x0000000084900000, 0x0000000084900000, 0x0000000084a00000|  0%| F|  |TAMS 0x0000000084900000, 0x0000000084900000| Untracked 
|  54|0x0000000084a00000, 0x0000000084a00000, 0x0000000084b00000|  0%| F|  |TAMS 0x0000000084a00000, 0x0000000084a00000| Untracked 
|  55|0x0000000084b00000, 0x0000000084b00000, 0x0000000084c00000|  0%| F|  |TAMS 0x0000000084b00000, 0x0000000084b00000| Untracked 
|  56|0x0000000084c00000, 0x0000000084c00000, 0x0000000084d00000|  0%| F|  |TAMS 0x0000000084c00000, 0x0000000084c00000| Untracked 
|  57|0x0000000084d00000, 0x0000000084d00000, 0x0000000084e00000|  0%| F|  |TAMS 0x0000000084d00000, 0x0000000084d00000| Untracked 
|  58|0x0000000084e00000, 0x0000000084e00000, 0x0000000084f00000|  0%| F|  |TAMS 0x0000000084e00000, 0x0000000084e00000| Untracked 
|  59|0x0000000084f00000, 0x0000000084f00000, 0x0000000085000000|  0%| F|  |TAMS 0x0000000084f00000, 0x0000000084f00000| Untracked 
|  60|0x0000000085000000, 0x0000000085000000, 0x0000000085100000|  0%| F|  |TAMS 0x0000000085000000, 0x0000000085000000| Untracked 
|  61|0x0000000085100000, 0x0000000085100000, 0x0000000085200000|  0%| F|  |TAMS 0x0000000085100000, 0x0000000085100000| Untracked 
|  62|0x0000000085200000, 0x0000000085200000, 0x0000000085300000|  0%| F|  |TAMS 0x0000000085200000, 0x0000000085200000| Untracked 
|  63|0x0000000085300000, 0x0000000085300000, 0x0000000085400000|  0%| F|  |TAMS 0x0000000085300000, 0x0000000085300000| Untracked 
|  64|0x0000000085400000, 0x0000000085400000, 0x0000000085500000|  0%| F|  |TAMS 0x0000000085400000, 0x0000000085400000| Untracked 
|  65|0x0000000085500000, 0x0000000085500000, 0x0000000085600000|  0%| F|  |TAMS 0x0000000085500000, 0x0000000085500000| Untracked 
|  66|0x0000000085600000, 0x0000000085600000, 0x0000000085700000|  0%| F|  |TAMS 0x0000000085600000, 0x0000000085600000| Untracked 
|  67|0x0000000085700000, 0x0000000085700000, 0x0000000085800000|  0%| F|  |TAMS 0x0000000085700000, 0x0000000085700000| Untracked 
|  68|0x0000000085800000, 0x0000000085800000, 0x0000000085900000|  0%| F|  |TAMS 0x0000000085800000, 0x0000000085800000| Untracked 
|  69|0x0000000085900000, 0x0000000085900000, 0x0000000085a00000|  0%| F|  |TAMS 0x0000000085900000, 0x0000000085900000| Untracked 
|  70|0x0000000085a00000, 0x0000000085a00000, 0x0000000085b00000|  0%| F|  |TAMS 0x0000000085a00000, 0x0000000085a00000| Untracked 
|  71|0x0000000085b00000, 0x0000000085b00000, 0x0000000085c00000|  0%| F|  |TAMS 0x0000000085b00000, 0x0000000085b00000| Untracked 
|  72|0x0000000085c00000, 0x0000000085c00000, 0x0000000085d00000|  0%| F|  |TAMS 0x0000000085c00000, 0x0000000085c00000| Untracked 
|  73|0x0000000085d00000, 0x0000000085d00000, 0x0000000085e00000|  0%| F|  |TAMS 0x0000000085d00000, 0x0000000085d00000| Untracked 
|  74|0x0000000085e00000, 0x0000000085e00000, 0x0000000085f00000|  0%| F|  |TAMS 0x0000000085e00000, 0x0000000085e00000| Untracked 
|  75|0x0000000085f00000, 0x0000000085f00000, 0x0000000086000000|  0%| F|  |TAMS 0x0000000085f00000, 0x0000000085f00000| Untracked 
|  76|0x0000000086000000, 0x0000000086000000, 0x0000000086100000|  0%| F|  |TAMS 0x0000000086000000, 0x0000000086000000| Untracked 
|  77|0x0000000086100000, 0x0000000086100000, 0x0000000086200000|  0%| F|  |TAMS 0x0000000086100000, 0x0000000086100000| Untracked 
|  78|0x0000000086200000, 0x0000000086200000, 0x0000000086300000|  0%| F|  |TAMS 0x0000000086200000, 0x0000000086200000| Untracked 
|  79|0x0000000086300000, 0x0000000086300000, 0x0000000086400000|  0%| F|  |TAMS 0x0000000086300000, 0x0000000086300000| Untracked 
|  80|0x0000000086400000, 0x0000000086400000, 0x0000000086500000|  0%| F|  |TAMS 0x0000000086400000, 0x0000000086400000| Untracked 
|  81|0x0000000086500000, 0x0000000086500000, 0x0000000086600000|  0%| F|  |TAMS 0x0000000086500000, 0x0000000086500000| Untracked 
|  82|0x0000000086600000, 0x0000000086600000, 0x0000000086700000|  0%| F|  |TAMS 0x0000000086600000, 0x0000000086600000| Untracked 
|  83|0x0000000086700000, 0x0000000086700000, 0x0000000086800000|  0%| F|  |TAMS 0x0000000086700000, 0x0000000086700000| Untracked 
|  84|0x0000000086800000, 0x0000000086800000, 0x0000000086900000|  0%| F|  |TAMS 0x0000000086800000, 0x0000000086800000| Untracked 
|  85|0x0000000086900000, 0x0000000086900000, 0x0000000086a00000|  0%| F|  |TAMS 0x0000000086900000, 0x0000000086900000| Untracked 
|  86|0x0000000086a00000, 0x0000000086a00000, 0x0000000086b00000|  0%| F|  |TAMS 0x0000000086a00000, 0x0000000086a00000| Untracked 
|  87|0x0000000086b00000, 0x0000000086b00000, 0x0000000086c00000|  0%| F|  |TAMS 0x0000000086b00000, 0x0000000086b00000| Untracked 
|  88|0x0000000086c00000, 0x0000000086c00000, 0x0000000086d00000|  0%| F|  |TAMS 0x0000000086c00000, 0x0000000086c00000| Untracked 
|  89|0x0000000086d00000, 0x0000000086d00000, 0x0000000086e00000|  0%| F|  |TAMS 0x0000000086d00000, 0x0000000086d00000| Untracked 
|  90|0x0000000086e00000, 0x0000000086e00000, 0x0000000086f00000|  0%| F|  |TAMS 0x0000000086e00000, 0x0000000086e00000| Untracked 
|  91|0x0000000086f00000, 0x0000000086f00000, 0x0000000087000000|  0%| F|  |TAMS 0x0000000086f00000, 0x0000000086f00000| Untracked 
|  92|0x0000000087000000, 0x0000000087000000, 0x0000000087100000|  0%| F|  |TAMS 0x0000000087000000, 0x0000000087000000| Untracked 
|  93|0x0000000087100000, 0x0000000087100000, 0x0000000087200000|  0%| F|  |TAMS 0x0000000087100000, 0x0000000087100000| Untracked 
|  94|0x0000000087200000, 0x0000000087200000, 0x0000000087300000|  0%| F|  |TAMS 0x0000000087200000, 0x0000000087200000| Untracked 
|  95|0x0000000087300000, 0x0000000087300000, 0x0000000087400000|  0%| F|  |TAMS 0x0000000087300000, 0x0000000087300000| Untracked 
|  96|0x0000000087400000, 0x0000000087400000, 0x0000000087500000|  0%| F|  |TAMS 0x0000000087400000, 0x0000000087400000| Untracked 
|  97|0x0000000087500000, 0x0000000087500000, 0x0000000087600000|  0%| F|  |TAMS 0x0000000087500000, 0x0000000087500000| Untracked 
|  98|0x0000000087600000, 0x0000000087600000, 0x0000000087700000|  0%| F|  |TAMS 0x0000000087600000, 0x0000000087600000| Untracked 
|  99|0x0000000087700000, 0x0000000087700000, 0x0000000087800000|  0%| F|  |TAMS 0x0000000087700000, 0x0000000087700000| Untracked 
| 100|0x0000000087800000, 0x0000000087800000, 0x0000000087900000|  0%| F|  |TAMS 0x0000000087800000, 0x0000000087800000| Untracked 
| 101|0x0000000087900000, 0x0000000087900000, 0x0000000087a00000|  0%| F|  |TAMS 0x0000000087900000, 0x0000000087900000| Untracked 
| 102|0x0000000087a00000, 0x0000000087a00000, 0x0000000087b00000|  0%| F|  |TAMS 0x0000000087a00000, 0x0000000087a00000| Untracked 
| 103|0x0000000087b00000, 0x0000000087b00000, 0x0000000087c00000|  0%| F|  |TAMS 0x0000000087b00000, 0x0000000087b00000| Untracked 
| 104|0x0000000087c00000, 0x0000000087c00000, 0x0000000087d00000|  0%| F|  |TAMS 0x0000000087c00000, 0x0000000087c00000| Untracked 
| 105|0x0000000087d00000, 0x0000000087d00000, 0x0000000087e00000|  0%| F|  |TAMS 0x0000000087d00000, 0x0000000087d00000| Untracked 
| 106|0x0000000087e00000, 0x0000000087e00000, 0x0000000087f00000|  0%| F|  |TAMS 0x0000000087e00000, 0x0000000087e00000| Untracked 
| 107|0x0000000087f00000, 0x0000000087f00000, 0x0000000088000000|  0%| F|  |TAMS 0x0000000087f00000, 0x0000000087f00000| Untracked 
| 108|0x0000000088000000, 0x0000000088000000, 0x0000000088100000|  0%| F|  |TAMS 0x0000000088000000, 0x0000000088000000| Untracked 
| 109|0x0000000088100000, 0x0000000088100000, 0x0000000088200000|  0%| F|  |TAMS 0x0000000088100000, 0x0000000088100000| Untracked 
| 110|0x0000000088200000, 0x0000000088200000, 0x0000000088300000|  0%| F|  |TAMS 0x0000000088200000, 0x0000000088200000| Untracked 
| 111|0x0000000088300000, 0x0000000088300000, 0x0000000088400000|  0%| F|  |TAMS 0x0000000088300000, 0x0000000088300000| Untracked 
| 112|0x0000000088400000, 0x0000000088400000, 0x0000000088500000|  0%| F|  |TAMS 0x0000000088400000, 0x0000000088400000| Untracked 
| 113|0x0000000088500000, 0x0000000088600000, 0x0000000088600000|100%| S|  |TAMS 0x0000000088500000, 0x0000000088500000| Complete 
| 114|0x0000000088600000, 0x0000000088700000, 0x0000000088700000|100%| S|  |TAMS 0x0000000088600000, 0x0000000088600000| Complete 
| 115|0x0000000088700000, 0x0000000088800000, 0x0000000088800000|100%| E|CS|TAMS 0x0000000088700000, 0x0000000088700000| Complete 
| 116|0x0000000088800000, 0x0000000088900000, 0x0000000088900000|100%| E|CS|TAMS 0x0000000088800000, 0x0000000088800000| Complete 
| 117|0x0000000088900000, 0x0000000088a00000, 0x0000000088a00000|100%| E|CS|TAMS 0x0000000088900000, 0x0000000088900000| Complete 
| 118|0x0000000088a00000, 0x0000000088b00000, 0x0000000088b00000|100%| E|CS|TAMS 0x0000000088a00000, 0x0000000088a00000| Complete 
| 119|0x0000000088b00000, 0x0000000088c00000, 0x0000000088c00000|100%| E|CS|TAMS 0x0000000088b00000, 0x0000000088b00000| Complete 
| 120|0x0000000088c00000, 0x0000000088d00000, 0x0000000088d00000|100%| E|CS|TAMS 0x0000000088c00000, 0x0000000088c00000| Complete 
| 121|0x0000000088d00000, 0x0000000088e00000, 0x0000000088e00000|100%| E|CS|TAMS 0x0000000088d00000, 0x0000000088d00000| Complete 
| 122|0x0000000088e00000, 0x0000000088f00000, 0x0000000088f00000|100%| E|CS|TAMS 0x0000000088e00000, 0x0000000088e00000| Complete 
| 123|0x0000000088f00000, 0x0000000089000000, 0x0000000089000000|100%| E|CS|TAMS 0x0000000088f00000, 0x0000000088f00000| Complete 
| 124|0x0000000089000000, 0x0000000089100000, 0x0000000089100000|100%| E|CS|TAMS 0x0000000089000000, 0x0000000089000000| Complete 
| 125|0x0000000089100000, 0x0000000089200000, 0x0000000089200000|100%| E|CS|TAMS 0x0000000089100000, 0x0000000089100000| Complete 
| 126|0x0000000089200000, 0x0000000089300000, 0x0000000089300000|100%| E|CS|TAMS 0x0000000089200000, 0x0000000089200000| Complete 
| 127|0x0000000089300000, 0x0000000089400000, 0x0000000089400000|100%| E|CS|TAMS 0x0000000089300000, 0x0000000089300000| Complete 

Card table byte_map: [0x0000018e48850000,0x0000018e48c50000] _byte_map_base: 0x0000018e48446000

Marking Bits (Prev, Next): (CMBitMap*) 0x0000018e35a83040, (CMBitMap*) 0x0000018e35a83080
 Prev Bits: [0x0000018e49050000, 0x0000018e4b000000)
 Next Bits: [0x0000018e4b000000, 0x0000018e4cfb0000)

Polling page: 0x0000018e33a30000

Metaspace:

Usage:
  Non-class:     11.88 MB capacity,    11.76 MB ( 99%) used,   107.58 KB ( <1%) free+waste,    14.75 KB ( <1%) overhead. 
      Class:      1.35 MB capacity,     1.31 MB ( 97%) used,    40.47 KB (  3%) free+waste,     5.69 KB ( <1%) overhead. 
       Both:     13.23 MB capacity,    13.06 MB ( 99%) used,   148.05 KB (  1%) free+waste,    20.44 KB ( <1%) overhead. 

Virtual space:
  Non-class space:       12.00 MB reserved,      12.00 MB (100%) committed 
      Class space:        1.00 GB reserved,       1.38 MB ( <1%) committed 
             Both:        1.01 GB reserved,      13.38 MB (  1%) committed 

Chunk freelists:
   Non-Class:  60.00 KB
       Class:  25.00 KB
        Both:  85.00 KB

MaxMetaspaceSize: 17179869184.00 GB
CompressedClassSpaceSize: 1.00 GB

CodeHeap 'non-profiled nmethods': size=238912Kb used=1214Kb max_used=1214Kb free=237697Kb
 bounds [0x0000018e39b00000, 0x0000018e39d70000, 0x0000018e48450000]
CodeHeap 'non-nmethods': size=6848Kb used=1154Kb max_used=1154Kb free=5693Kb
 bounds [0x0000018e39450000, 0x0000018e396c0000, 0x0000018e39b00000]
 total_blobs=1353 nmethods=940 adapters=341
 compilation: enabled
              stopped_count=0, restarted_count=0
 full_count=0

Compilation events (20 events):
Event: 0.703 Thread 0x0000018e4fd2d6a0 nmethod 929 0x0000018e39c2be90 code [0x0000018e39c2c040, 0x0000018e39c2c188]
Event: 0.703 Thread 0x0000018e4fd2d6a0  930       1       java.util.jar.Attributes::getValue (9 bytes)
Event: 0.703 Thread 0x0000018e4fd2d6a0 nmethod 930 0x0000018e39c2c290 code [0x0000018e39c2c420, 0x0000018e39c2c528]
Event: 0.703 Thread 0x0000018e4fd2d6a0  931       1       java.util.jar.Attributes::get (11 bytes)
Event: 0.703 Thread 0x0000018e4fd2d6a0 nmethod 931 0x0000018e39c2c610 code [0x0000018e39c2c7a0, 0x0000018e39c2c888]
Event: 0.704 Thread 0x0000018e4fd2d6a0  932       1       java.lang.ClassLoader::getClassLoadingLock (35 bytes)
Event: 0.704 Thread 0x0000018e4fd2d6a0 nmethod 932 0x0000018e39c2ce10 code [0x0000018e39c2cfa0, 0x0000018e39c2d108]
Event: 0.704 Thread 0x0000018e4fd2d6a0  933       1       java.lang.ClassLoader::findLoadedClass (16 bytes)
Event: 0.704 Thread 0x0000018e4fd2d6a0 nmethod 933 0x0000018e39c2d210 code [0x0000018e39c2d3c0, 0x0000018e39c2d4f8]
Event: 0.704 Thread 0x0000018e4fd2d6a0  935       1       jdk.internal.loader.BuiltinClassLoader::findLoadedModule (33 bytes)
Event: 0.704 Thread 0x0000018e4fd2d6a0 nmethod 935 0x0000018e39c2d590 code [0x0000018e39c2d760, 0x0000018e39c2d958]
Event: 0.704 Thread 0x0000018e4fd2d6a0  936       1       java.lang.NamedPackage::module (5 bytes)
Event: 0.704 Thread 0x0000018e4fd2d6a0 nmethod 936 0x0000018e39c2db10 code [0x0000018e39c2dca0, 0x0000018e39c2dd58]
Event: 0.705 Thread 0x0000018e4fd2d6a0  937   !   1       jdk.internal.loader.BuiltinClassLoader::loadClassOrNull (143 bytes)
Event: 0.705 Thread 0x0000018e4fd2d6a0 nmethod 937 0x0000018e39c2e210 code [0x0000018e39c2e480, 0x0000018e39c2ec18]
Event: 0.705 Thread 0x0000018e4fd2d6a0  938       1       java.io.FileSystem::hasBooleanAttributes (17 bytes)
Event: 0.705 Thread 0x0000018e4fd2d6a0 nmethod 938 0x0000018e39c2f390 code [0x0000018e39c2f520, 0x0000018e39c2f628]
Event: 0.706 Thread 0x0000018e4fd2d6a0  940       1       jdk.internal.access.SharedSecrets::javaUtilJarAccess (15 bytes)
Event: 0.706 Thread 0x0000018e4fd2d6a0 nmethod 940 0x0000018e39c2f690 code [0x0000018e39c2f840, 0x0000018e39c2fa08]
Event: 0.708 Thread 0x0000018e4fd2d6a0  941       1       java.net.URLStreamHandler::parseURL (1201 bytes)

GC Heap History (0 events):
No events

Deoptimization events (0 events):
No events

Classes unloaded (0 events):
No events

Classes redefined (0 events):
No events

Internal exceptions (18 events):
Event: 0.214 Thread 0x0000018e35a3fbf0 Exception <a 'java/lang/NoSuchMethodError'{0x0000000089290e98}: 'void java.lang.invoke.DirectMethodHandle$Holder.invokeSpecial(java.lang.Object, java.lang.Object, java.lang.Object)'> (0x0000000089290e98) 
thrown [./open/src/hotspot/share/interpreter/linkResolver.cpp, line 782]
Event: 0.358 Thread 0x0000018e35a3fbf0 Exception <a 'java/lang/NoSuchMethodError'{0x0000000088e97680}: 'java.lang.Object java.lang.invoke.DirectMethodHandle$Holder.invokeStatic(java.lang.Object)'> (0x0000000088e97680) 
thrown [./open/src/hotspot/share/interpreter/linkResolver.cpp, line 782]
Event: 0.358 Thread 0x0000018e35a3fbf0 Exception <a 'java/lang/NoSuchMethodError'{0x0000000088e9add0}: 'java.lang.Object java.lang.invoke.DirectMethodHandle$Holder.invokeStaticInit(java.lang.Object)'> (0x0000000088e9add0) 
thrown [./open/src/hotspot/share/interpreter/linkResolver.cpp, line 782]
Event: 0.391 Thread 0x0000018e35a3fbf0 Exception <a 'java/lang/NoSuchMethodError'{0x0000000088ebee08}: 'java.lang.Object java.lang.invoke.DirectMethodHandle$Holder.invokeInterface(java.lang.Object, java.lang.Object)'> (0x0000000088ebee08) 
thrown [./open/src/hotspot/share/interpreter/linkResolver.cpp, line 782]
Event: 0.391 Thread 0x0000018e35a3fbf0 Exception <a 'java/lang/NoSuchMethodError'{0x0000000088ec7498}: 'java.lang.Object java.lang.invoke.DirectMethodHandle$Holder.invokeStaticInit(java.lang.Object, java.lang.Object, java.lang.Object)'> (0x0000000088ec7498) 
thrown [./open/src/hotspot/share/interpreter/linkResolver.cpp, line 782]
Event: 0.394 Thread 0x0000018e35a3fbf0 Exception <a 'java/lang/NoSuchMethodError'{0x0000000088ee6028}: 'int java.lang.invoke.DirectMethodHandle$Holder.invokeInterface(java.lang.Object, java.lang.Object)'> (0x0000000088ee6028) 
thrown [./open/src/hotspot/share/interpreter/linkResolver.cpp, line 782]
Event: 0.395 Thread 0x0000018e35a3fbf0 Exception <a 'java/lang/IncompatibleClassChangeError'{0x0000000088ee9820}: Found class java.lang.Object, but interface was expected> (0x0000000088ee9820) 
thrown [./open/src/hotspot/share/interpreter/linkResolver.cpp, line 848]
Event: 0.396 Thread 0x0000018e35a3fbf0 Exception <a 'java/lang/NoSuchMethodError'{0x0000000088eefad8}: 'void java.lang.invoke.DirectMethodHandle$Holder.invokeStatic(java.lang.Object, java.lang.Object)'> (0x0000000088eefad8) 
thrown [./open/src/hotspot/share/interpreter/linkResolver.cpp, line 782]
Event: 0.432 Thread 0x0000018e35a3fbf0 Exception <a 'java/lang/NoSuchMethodError'{0x0000000088daee88}: 'int java.lang.invoke.DirectMethodHandle$Holder.invokeSpecial(java.lang.Object, java.lang.Object, java.lang.Object)'> (0x0000000088daee88) 
thrown [./open/src/hotspot/share/interpreter/linkResolver.cpp, line 782]
Event: 0.462 Thread 0x0000018e35a3fbf0 Exception <a 'java/lang/NoSuchMethodError'{0x0000000088c820e0}: 'void java.lang.invoke.DirectMethodHandle$Holder.invokeStatic(java.lang.Object, java.lang.Object, java.lang.Object)'> (0x0000000088c820e0) 
thrown [./open/src/hotspot/share/interpreter/linkResolver.cpp, line 782]
Event: 0.489 Thread 0x0000018e35a3fbf0 Exception <a 'java/lang/NoSuchMethodError'{0x0000000088ce0f18}: 'int java.lang.invoke.DirectMethodHandle$Holder.invokeSpecialIFC(java.lang.Object, java.lang.Object, java.lang.Object)'> (0x0000000088ce0f18) 
thrown [./open/src/hotspot/share/interpreter/linkResolver.cpp, line 782]
Event: 0.506 Thread 0x0000018e35a3fbf0 Exception <a 'java/lang/NoSuchMethodError'{0x0000000088b2bb70}: 'void java.lang.invoke.DirectMethodHandle$Holder.invokeStaticInit(java.lang.Object, java.lang.Object)'> (0x0000000088b2bb70) 
thrown [./open/src/hotspot/share/interpreter/linkResolver.cpp, line 782]
Event: 0.510 Thread 0x0000018e35a3fbf0 Exception <a 'java/lang/NoSuchMethodError'{0x0000000088b58c58}: 'java.lang.Object java.lang.invoke.DirectMethodHandle$Holder.invokeStaticInit(java.lang.Object, int, int, int, int)'> (0x0000000088b58c58) 
thrown [./open/src/hotspot/share/interpreter/linkResolver.cpp, line 782]
Event: 0.577 Thread 0x0000018e35a3fbf0 Exception <a 'java/lang/NoSuchMethodError'{0x0000000088b8b938}: 'java.lang.Object java.lang.invoke.DirectMethodHandle$Holder.invokeStaticInit(java.lang.Object, java.lang.Object, int, int, int, int)'> (0x0000000088b8b938) 
thrown [./open/src/hotspot/share/interpreter/linkResolver.cpp, line 782]
Event: 0.586 Thread 0x0000018e35a3fbf0 Exception <a 'java/lang/ClassNotFoundException'{0x0000000088ba7d38}: javax/management/remote/rmi/RMIServerImpl_Skel> (0x0000000088ba7d38) 
thrown [./open/src/hotspot/share/classfile/systemDictionary.cpp, line 295]
Event: 0.627 Thread 0x0000018e35a3fbf0 Exception <a 'java/lang/ClassNotFoundException'{0x00000000889030f8}: jdk/internal/agent/resources/spi/agentProvider> (0x00000000889030f8) 
thrown [./open/src/hotspot/share/classfile/systemDictionary.cpp, line 295]
Event: 0.692 Thread 0x0000018e35a3fbf0 Exception <a 'java/lang/ClassNotFoundException'{0x0000000088761f40}: javax/smartcardio/CardPermission> (0x0000000088761f40) 
thrown [./open/src/hotspot/share/classfile/systemDictionary.cpp, line 295]
Event: 0.694 Thread 0x0000018e35a3fbf0 Exception <a 'java/io/FileNotFoundException'{0x0000000088771370}> (0x0000000088771370) 
thrown [./open/src/hotspot/share/prims/jni.cpp, line 578]

Events (20 events):
Event: 0.705 loading class java/util/concurrent/atomic/AtomicBoolean
Event: 0.706 loading class java/util/concurrent/atomic/AtomicBoolean done
Event: 0.708 loading class java/text/SimpleDateFormat
Event: 0.709 loading class java/text/DateFormat
Event: 0.709 loading class java/text/DateFormat done
Event: 0.709 loading class java/text/SimpleDateFormat done
Event: 0.709 loading class java/text/DateFormat$Field
Event: 0.709 loading class java/text/DateFormat$Field done
Event: 0.709 loading class java/util/Calendar
Event: 0.710 loading class java/util/Calendar done
Event: 0.710 loading class java/util/TimeZone
Event: 0.710 loading class java/util/TimeZone done
Event: 0.711 loading class sun/util/calendar/ZoneInfo
Event: 0.711 loading class sun/util/calendar/ZoneInfo done
Event: 0.711 loading class sun/util/calendar/ZoneInfoFile
Event: 0.712 loading class sun/util/calendar/ZoneInfoFile done
Event: 0.712 loading class sun/util/calendar/ZoneInfoFile$1
Event: 0.712 loading class sun/util/calendar/ZoneInfoFile$1 done
Event: 0.712 loading class java/io/DataInputStream
Event: 0.712 loading class java/io/DataInputStream done


Dynamic libraries:
0x00007ff6f2590000 - 0x00007ff6f259d000 	C:\Users\Yessi Mateo\Downloads\Programas\sts-4.10.0.RELEASE\plugins\org.eclipse.justj.openjdk.hotspot.jre.full.win32.x86_64_15.0.2.v20210201-0955\jre\bin\javaw.exe
0x00007ffce0c10000 - 0x00007ffce0e05000 	C:\WINDOWS\SYSTEM32\ntdll.dll
0x00007ffce0b10000 - 0x00007ffce0bcd000 	C:\WINDOWS\System32\KERNEL32.DLL
0x00007ffcde510000 - 0x00007ffcde7d8000 	C:\WINDOWS\System32\KERNELBASE.dll
0x00007ffcdeb70000 - 0x00007ffcdec70000 	C:\WINDOWS\System32\ucrtbase.dll
0x00007ffcc1c60000 - 0x00007ffcc1c78000 	C:\Users\Yessi Mateo\Downloads\Programas\sts-4.10.0.RELEASE\plugins\org.eclipse.justj.openjdk.hotspot.jre.full.win32.x86_64_15.0.2.v20210201-0955\jre\bin\jli.dll
0x00007ffcdfee0000 - 0x00007ffce0080000 	C:\WINDOWS\System32\USER32.dll
0x00007ffcde8b0000 - 0x00007ffcde8d2000 	C:\WINDOWS\System32\win32u.dll
0x00007ffce0080000 - 0x00007ffce00aa000 	C:\WINDOWS\System32\GDI32.dll
0x00007ffcde3b0000 - 0x00007ffcde4bb000 	C:\WINDOWS\System32\gdi32full.dll
0x00007ffcde810000 - 0x00007ffcde8ad000 	C:\WINDOWS\System32\msvcp_win.dll
0x00007ffcc1c40000 - 0x00007ffcc1c59000 	C:\Users\Yessi Mateo\Downloads\Programas\sts-4.10.0.RELEASE\plugins\org.eclipse.justj.openjdk.hotspot.jre.full.win32.x86_64_15.0.2.v20210201-0955\jre\bin\VCRUNTIME140.dll
0x00007ffcd3ae0000 - 0x00007ffcd3d7a000 	C:\WINDOWS\WinSxS\amd64_microsoft.windows.common-controls_6595b64144ccf1df_6.0.19041.844_none_ca00b6081b84eb1d\COMCTL32.dll
0x00007ffcdf910000 - 0x00007ffcdf9ae000 	C:\WINDOWS\System32\msvcrt.dll
0x00007ffcdfeb0000 - 0x00007ffcdfee0000 	C:\WINDOWS\System32\IMM32.DLL
0x00007ffcdaea0000 - 0x00007ffcdaeac000 	C:\Users\Yessi Mateo\Downloads\Programas\sts-4.10.0.RELEASE\plugins\org.eclipse.justj.openjdk.hotspot.jre.full.win32.x86_64_15.0.2.v20210201-0955\jre\bin\vcruntime140_1.dll
0x00007ffcac300000 - 0x00007ffcac391000 	C:\Users\Yessi Mateo\Downloads\Programas\sts-4.10.0.RELEASE\plugins\org.eclipse.justj.openjdk.hotspot.jre.full.win32.x86_64_15.0.2.v20210201-0955\jre\bin\msvcp140.dll
0x00007ffc91ce0000 - 0x00007ffc9283e000 	C:\Users\Yessi Mateo\Downloads\Programas\sts-4.10.0.RELEASE\plugins\org.eclipse.justj.openjdk.hotspot.jre.full.win32.x86_64_15.0.2.v20210201-0955\jre\bin\server\jvm.dll
0x00007ffce0430000 - 0x00007ffce04dc000 	C:\WINDOWS\System32\ADVAPI32.dll
0x00007ffce0570000 - 0x00007ffce060b000 	C:\WINDOWS\System32\sechost.dll
0x00007ffcdf3c0000 - 0x00007ffcdf4eb000 	C:\WINDOWS\System32\RPCRT4.dll
0x00007ffce0560000 - 0x00007ffce0568000 	C:\WINDOWS\System32\PSAPI.DLL
0x00007ffcd8d60000 - 0x00007ffcd8d69000 	C:\WINDOWS\SYSTEM32\WSOCK32.dll
0x00007ffce02e0000 - 0x00007ffce034b000 	C:\WINDOWS\System32\WS2_32.dll
0x00007ffccf6a0000 - 0x00007ffccf6c7000 	C:\WINDOWS\SYSTEM32\WINMM.dll
0x00007ffcd5ba0000 - 0x00007ffcd5baa000 	C:\WINDOWS\SYSTEM32\VERSION.dll
0x00007ffcdcf00000 - 0x00007ffcdcf12000 	C:\WINDOWS\SYSTEM32\kernel.appcore.dll
0x00007ffcd7890000 - 0x00007ffcd789a000 	C:\Users\Yessi Mateo\Downloads\Programas\sts-4.10.0.RELEASE\plugins\org.eclipse.justj.openjdk.hotspot.jre.full.win32.x86_64_15.0.2.v20210201-0955\jre\bin\jimage.dll
0x00007ffcdc940000 - 0x00007ffcdcb24000 	C:\WINDOWS\SYSTEM32\DBGHELP.DLL
0x00007ffcc76c0000 - 0x00007ffcc76ec000 	C:\WINDOWS\SYSTEM32\dbgcore.DLL
0x00007ffcdeaf0000 - 0x00007ffcdeb70000 	C:\WINDOWS\System32\bcryptPrimitives.dll
0x00007ffcc16d0000 - 0x00007ffcc16f5000 	C:\Users\Yessi Mateo\Downloads\Programas\sts-4.10.0.RELEASE\plugins\org.eclipse.justj.openjdk.hotspot.jre.full.win32.x86_64_15.0.2.v20210201-0955\jre\bin\java.dll
0x00007ffcc2060000 - 0x00007ffcc2078000 	C:\Users\Yessi Mateo\Downloads\Programas\sts-4.10.0.RELEASE\plugins\org.eclipse.justj.openjdk.hotspot.jre.full.win32.x86_64_15.0.2.v20210201-0955\jre\bin\zip.dll
0x00007ffcdec70000 - 0x00007ffcdf3b2000 	C:\WINDOWS\System32\SHELL32.dll
0x00007ffcdc0e0000 - 0x00007ffcdc870000 	C:\WINDOWS\SYSTEM32\windows.storage.dll
0x00007ffce07b0000 - 0x00007ffce0b05000 	C:\WINDOWS\System32\combase.dll
0x00007ffcddcf0000 - 0x00007ffcddd1c000 	C:\WINDOWS\SYSTEM32\Wldp.dll
0x00007ffce00b0000 - 0x00007ffce015e000 	C:\WINDOWS\System32\SHCORE.dll
0x00007ffce01d0000 - 0x00007ffce0225000 	C:\WINDOWS\System32\shlwapi.dll
0x00007ffcde290000 - 0x00007ffcde2af000 	C:\WINDOWS\SYSTEM32\profapi.dll
0x00007ffcc16b0000 - 0x00007ffcc16c9000 	C:\Users\Yessi Mateo\Downloads\Programas\sts-4.10.0.RELEASE\plugins\org.eclipse.justj.openjdk.hotspot.jre.full.win32.x86_64_15.0.2.v20210201-0955\jre\bin\net.dll
0x00007ffcd87e0000 - 0x00007ffcd88eb000 	C:\WINDOWS\SYSTEM32\WINHTTP.dll
0x00007ffcdda60000 - 0x00007ffcddaca000 	C:\WINDOWS\system32\mswsock.dll
0x00007ffcc1690000 - 0x00007ffcc16a2000 	C:\Users\Yessi Mateo\Downloads\Programas\sts-4.10.0.RELEASE\plugins\org.eclipse.justj.openjdk.hotspot.jre.full.win32.x86_64_15.0.2.v20210201-0955\jre\bin\nio.dll
0x00007ffcd98c0000 - 0x00007ffcd98c9000 	C:\Users\Yessi Mateo\Downloads\Programas\sts-4.10.0.RELEASE\plugins\org.eclipse.justj.openjdk.hotspot.jre.full.win32.x86_64_15.0.2.v20210201-0955\jre\bin\management.dll
0x00007ffcd8380000 - 0x00007ffcd838b000 	C:\Users\Yessi Mateo\Downloads\Programas\sts-4.10.0.RELEASE\plugins\org.eclipse.justj.openjdk.hotspot.jre.full.win32.x86_64_15.0.2.v20210201-0955\jre\bin\management_ext.dll
0x00007ffcda880000 - 0x00007ffcda897000 	C:\WINDOWS\system32\napinsp.dll
0x00007ffcd5bc0000 - 0x00007ffcd5bdb000 	C:\WINDOWS\system32\pnrpnsp.dll
0x00007ffcd9470000 - 0x00007ffcd9485000 	C:\WINDOWS\system32\wshbth.dll
0x00007ffcda740000 - 0x00007ffcda75d000 	C:\WINDOWS\system32\NLAapi.dll
0x00007ffcdd750000 - 0x00007ffcdd78b000 	C:\WINDOWS\SYSTEM32\IPHLPAPI.DLL
0x00007ffcdd790000 - 0x00007ffcdd85c000 	C:\WINDOWS\SYSTEM32\DNSAPI.dll
0x00007ffce0420000 - 0x00007ffce0428000 	C:\WINDOWS\System32\NSI.dll
0x00007ffcc5640000 - 0x00007ffcc5652000 	C:\WINDOWS\System32\winrnr.dll
0x00007ffcd7140000 - 0x00007ffcd714a000 	C:\Windows\System32\rasadhlp.dll
0x00007ffcc98f0000 - 0x00007ffcc996f000 	C:\WINDOWS\System32\fwpuclnt.dll
0x00007ffcde7e0000 - 0x00007ffcde807000 	C:\WINDOWS\System32\bcrypt.dll
0x00007ffcddc30000 - 0x00007ffcddc48000 	C:\WINDOWS\SYSTEM32\CRYPTSP.dll
0x00007ffcdd400000 - 0x00007ffcdd434000 	C:\WINDOWS\system32\rsaenh.dll
0x00007ffcde250000 - 0x00007ffcde27e000 	C:\WINDOWS\SYSTEM32\USERENV.dll
0x00007ffcddc50000 - 0x00007ffcddc5c000 	C:\WINDOWS\SYSTEM32\CRYPTBASE.dll
0x00007ffcd6cc0000 - 0x00007ffcd6cd7000 	C:\WINDOWS\SYSTEM32\dhcpcsvc6.DLL
0x00007ffcd6f00000 - 0x00007ffcd6f1d000 	C:\WINDOWS\SYSTEM32\dhcpcsvc.DLL
0x00007ffcd6b90000 - 0x00007ffcd6ba0000 	C:\Users\Yessi Mateo\Downloads\Programas\sts-4.10.0.RELEASE\plugins\org.eclipse.justj.openjdk.hotspot.jre.full.win32.x86_64_15.0.2.v20210201-0955\jre\bin\verify.dll

dbghelp: loaded successfully - version: 4.0.5 - missing functions: none
symbol engine: initialized successfully - sym options: 0x614 - pdb path: .;C:\Users\Yessi Mateo\Downloads\Programas\sts-4.10.0.RELEASE\plugins\org.eclipse.justj.openjdk.hotspot.jre.full.win32.x86_64_15.0.2.v20210201-0955\jre\bin;C:\WINDOWS\SYSTEM32;C:\WINDOWS\WinSxS\amd64_microsoft.windows.common-controls_6595b64144ccf1df_6.0.19041.844_none_ca00b6081b84eb1d;C:\Users\Yessi Mateo\Downloads\Programas\sts-4.10.0.RELEASE\plugins\org.eclipse.justj.openjdk.hotspot.jre.full.win32.x86_64_15.0.2.v20210201-0955\jre\bin\server

VM Arguments:
jvm_args: -Dcom.sun.management.jmxremote -Dcom.sun.management.jmxremote.port=53892 -Dcom.sun.management.jmxremote.authenticate=false -Dcom.sun.management.jmxremote.ssl=false -Djava.rmi.server.hostname=localhost -Dspring.jmx.enabled=true -Dspring.application.admin.enabled=true -XX:TieredStopAtLevel=1 -Dspring.boot.project.name=ProyectoFinalP3 -Dfile.encoding=UTF-8 -XX:+ShowCodeDetailsInExceptionMessages 
java_command: com.progra3.datos.ProyectoFinalP3Application --spring.output.ansi.enabled=always
java_class_path (initial): C:\Users\Yessi Mateo\Documents\workspace-spring-tool-suite-4-4.10.0.RELEASE\ProyectoFinalP3\target\classes;C:\Users\Yessi Mateo\.m2\repository\org\springframework\boot\spring-boot-starter-data-jpa\2.4.6\spring-boot-starter-data-jpa-2.4.6.jar;C:\Users\Yessi Mateo\.m2\repository\org\springframework\boot\spring-boot-starter-aop\2.4.6\spring-boot-starter-aop-2.4.6.jar;C:\Users\Yessi Mateo\.m2\repository\org\springframework\spring-aop\5.3.7\spring-aop-5.3.7.jar;C:\Users\Yessi Mateo\.m2\repository\org\aspectj\aspectjweaver\1.9.6\aspectjweaver-1.9.6.jar;C:\Users\Yessi Mateo\.m2\repository\org\springframework\boot\spring-boot-starter-jdbc\2.4.6\spring-boot-starter-jdbc-2.4.6.jar;C:\Users\Yessi Mateo\.m2\repository\com\zaxxer\HikariCP\3.4.5\HikariCP-3.4.5.jar;C:\Users\Yessi Mateo\.m2\repository\org\springframework\spring-jdbc\5.3.7\spring-jdbc-5.3.7.jar;C:\Users\Yessi Mateo\.m2\repository\jakarta\transaction\jakarta.transaction-api\1.3.3\jakarta.transaction-api-1.3.3.jar;C:\Users\Yessi Mateo\.m2\repository\jakarta\persistence\jakarta.persistence-api\2.2.3\jakarta.persistence-api-2.2.3.jar;C:\Users\Yessi Mateo\.m2\repository\org\hibernate\hibernate-core\5.4.31.Final\hibernate-core-5.4.31.Final.jar;C:\Users\Yessi Mateo\.m2\repository\org\jboss\logging\jboss-logging\3.4.1.Final\jboss-logging-3.4.1.Final.jar;C:\Users\Yessi Mateo\.m2\repository\org\javassist\javassist\3.27.0-GA\javassist-3.27.0-GA.jar;C:\Users\Yessi Mateo\.m2\repository\net\bytebuddy\byte-buddy\1.10.22\byte-buddy-1.10.22.jar;C:\Users\Yessi Mateo\.m2\repository\antlr\antlr\2.7.7\antlr-2.7.7.jar;C:\Users\Yessi Mateo\.m2\repository\org\jboss\jandex\2.2.3.Final\jandex-2.2.3.Final.jar;C:\Users\Yessi Mateo\.m2\repository\com\fasterxml\classmate\1.5.1\classmate-1.5.1.jar;C:\Users\Yessi Mateo\.m2\repository\org\dom4j\dom4j\2.1.3\dom4j-2.1.3.jar;C:\Users\Yessi Mateo\.m2\repository\org\hibernate\common\hibernate-commons-annotations\5.1.2.Final\hibernate-commons-annotations-5.1.2.Final.jar;C:\Us
Launcher Type: SUN_STANDARD

[Global flags]
     intx CICompilerCount                          = 3                                         {product} {ergonomic}
     uint ConcGCThreads                            = 1                                         {product} {ergonomic}
     uint G1ConcRefinementThreads                  = 4                                         {product} {ergonomic}
   size_t G1HeapRegionSize                         = 1048576                                   {product} {ergonomic}
    uintx GCDrainStackTargetSize                   = 64                                        {product} {ergonomic}
   size_t InitialHeapSize                          = 134217728                                 {product} {ergonomic}
     bool ManagementServer                         = true                                      {product} {command line}
   size_t MarkStackSize                            = 4194304                                   {product} {ergonomic}
   size_t MaxHeapSize                              = 2126512128                                {product} {ergonomic}
   size_t MaxNewSize                               = 1275068416                                {product} {ergonomic}
   size_t MinHeapDeltaBytes                        = 1048576                                   {product} {ergonomic}
   size_t MinHeapSize                              = 8388608                                   {product} {ergonomic}
    uintx NonNMethodCodeHeapSize                   = 6973028                                {pd product} {ergonomic}
    uintx NonProfiledCodeHeapSize                  = 244685212                              {pd product} {ergonomic}
    uintx ProfiledCodeHeapSize                     = 0                                      {pd product} {ergonomic}
    uintx ReservedCodeCacheSize                    = 251658240                              {pd product} {ergonomic}
     bool SegmentedCodeCache                       = true                                      {product} {ergonomic}
     bool ShowCodeDetailsInExceptionMessages       = true                                   {manageable} {command line}
   size_t SoftMaxHeapSize                          = 2126512128                             {manageable} {ergonomic}
     intx TieredStopAtLevel                        = 1                                         {product} {command line}
     bool UseCompressedClassPointers               = true                                 {lp64_product} {ergonomic}
     bool UseCompressedOops                        = true                                 {lp64_product} {ergonomic}
     bool UseG1GC                                  = true                                      {product} {ergonomic}
     bool UseLargePagesIndividualAllocation        = false                                  {pd product} {ergonomic}

Logging:
Log output configuration:
 #0: stdout all=warning uptime,level,tags
 #1: stderr all=off uptime,level,tags

Environment Variables:
JAVA_HOME=C:\Program Files\Java\jdk1.8.0_201
PATH=C:/Users/Yessi Mateo/Downloads/Programas/sts-4.10.0.RELEASE//plugins/org.eclipse.justj.openjdk.hotspot.jre.full.win32.x86_64_15.0.2.v20210201-0955/jre/bin/server;C:/Users/Yessi Mateo/Downloads/Programas/sts-4.10.0.RELEASE//plugins/org.eclipse.justj.openjdk.hotspot.jre.full.win32.x86_64_15.0.2.v20210201-0955/jre/bin;C:\ActiveTcl\bin;C:\Program Files (x86)\Common Files\Oracle\Java\javapath;C:\windows\system32;C:\windows;C:\windows\System32\Wbem;C:\windows\System32\WindowsPowerShell\v1.0\;C:\windows\System32\OpenSSH\;C:\Program Files (x86)\Intel\Intel(R) Management Engine Components\DAL;C:\Program Files\Intel\Intel(R) Management Engine Components\DAL;C:\Program Files (x86)\Intel\Intel(R) Management Engine Components\IPT;C:\Program Files\Intel\Intel(R) Management Engine Components\IPT;C:\Program Files (x86)\NVIDIA Corporation\PhysX\Common;C:\Program Files\Git\cmd;C:\WINDOWS\system32;C:\WINDOWS;C:\WINDOWS\System32\Wbem;C:\WINDOWS\System32\WindowsPowerShell\v1.0\;C:\WINDOWS\System32\OpenSSH\;C:\Program Files\Microsoft SQL Server\110\Tools\Binn\;C:\Users\Yessi Mateo\.dnx\bin;C:\Program Files\Microsoft DNX\Dnvm\;C:\Program Files\Microsoft SQL Server\130\Tools\Binn\;C:\Users\Yessi Mateo\AppData\Local\Microsoft\WindowsApps;C:\Users\Yessi Mateo\AppData\Local\Programs\Microsoft VS Code\bin;C:\adb;C:\Program Files\Polyspace\R2019a\runtime\win64;C:\Program Files\Polyspace\R2019a\bin;C:\Program Files\Polyspace\R2019a\polyspace\bin;C:\Program Files\Java\jdk1.8.0_201\bin;;C:\WINDOWS\system32;C:\WINDOWS;C:\WINDOWS\System32\Wbem;C:\WINDOWS\System32\WindowsPowerShell\v1.0\;C:\WINDOWS\System32\OpenSSH\;C:\Users\Yessi Mateo\AppData\Local\Microsoft\WindowsApps;;C:\Users\Yessi Mateo\Downloads\Programas\sts-4.10.0.RELEASE;
USERNAME=Yessi Mateo
OS=Windows_NT
PROCESSOR_IDENTIFIER=Intel64 Family 6 Model 142 Stepping 9, GenuineIntel



---------------  S Y S T E M  ---------------

OS:
 Windows 10 , 64 bit Build 19041 (10.0.19041.928)
OS uptime: 3 days 3:13 hours

CPU: total 4 (initial active 4) (2 cores per cpu, 2 threads per core) family 6 model 142 stepping 9 microcode 0xb4, cmov, cx8, fxsr, mmx, sse, sse2, sse3, ssse3, sse4.1, sse4.2, popcnt, vzeroupper, avx, avx2, aes, clmul, erms, 3dnowpref, lzcnt, ht, tsc, tscinvbit, bmi1, bmi2, adx, fma, clflush, clflushopt

Memory: 4k page, system-wide physical 8107M (1493M free)
TotalPageFile size 10016M (AvailPageFile size 3M)
current process WorkingSet (physical memory assigned to process): 67M, peak: 67M
current process commit charge ("private bytes"): 209M, peak: 209M

vm_info: OpenJDK 64-Bit Server VM (15.0.2+7-27) for windows-amd64 JRE (15.0.2+7-27), built on Dec  7 2020 20:02:38 by "mach5one" with unknown MS VC++:1925

END.
