#
# There is insufficient memory for the Java Runtime Environment to continue.
# Native memory allocation (malloc) failed to allocate 1048576 bytes for AllocateHeap
# Possible reasons:
#   The system is out of physical RAM or swap space
#   The process is running with CompressedOops enabled, and the Java Heap may be blocking the growth of the native heap
# Possible solutions:
#   Reduce memory load on the system
#   Increase physical memory or swap space
#   Check if swap backing store is full
#   Decrease Java heap size (-Xmx/-Xms)
#   Decrease number of Java threads
#   Decrease Java thread stack sizes (-Xss)
#   Set larger code cache with -XX:ReservedCodeCacheSize=
#   JVM is running with Unscaled Compressed Oops mode in which the Java heap is
#     placed in the first 4GB address space. The Java Heap base address is the
#     maximum limit for the native heap growth. Please use -XX:HeapBaseMinAddress
#     to set the Java Heap base and to place the Java Heap above 4GB virtual address.
# This output file may be truncated or incomplete.
#
#  Out of Memory Error (./open/src/hotspot/share/memory/allocation.cpp:44), pid=16668, tid=14524
#
# JRE version: OpenJDK Runtime Environment (15.0.2+7) (build 15.0.2+7-27)
# Java VM: OpenJDK 64-Bit Server VM (15.0.2+7-27, mixed mode, tiered, compressed oops, g1 gc, windows-amd64)
# No core dump will be written. Minidumps are not enabled by default on client versions of Windows
#

---------------  S U M M A R Y ------------

Command Line: -Dcom.sun.management.jmxremote -Dcom.sun.management.jmxremote.port=53791 -Dcom.sun.management.jmxremote.authenticate=false -Dcom.sun.management.jmxremote.ssl=false -Djava.rmi.server.hostname=localhost -Dspring.jmx.enabled=true -Dspring.application.admin.enabled=true -XX:TieredStopAtLevel=1 -Dspring.boot.project.name=ProyectoFinalP3 -Dfile.encoding=UTF-8 -XX:+ShowCodeDetailsInExceptionMessages com.progra3.datos.ProyectoFinalP3Application --spring.output.ansi.enabled=always

Host: Intel(R) Core(TM) i7-7500U CPU @ 2.70GHz, 4 cores, 7G,  Windows 10 , 64 bit Build 19041 (10.0.19041.928)
Time: Sun May 23 21:29:47 2021 Hora estándar, América Central elapsed time: 859.573486 seconds (0d 0h 14m 19s)

---------------  T H R E A D  ---------------

Current thread (0x00000183b802c640):  VMThread "VM Thread" [stack: 0x0000007eee300000,0x0000007eee400000] [id=14524]

Stack: [0x0000007eee300000,0x0000007eee400000]
[error occurred during error reporting (printing stack bounds), id 0xc0000005, EXCEPTION_ACCESS_VIOLATION (0xc0000005) at pc=0x00000183a1fc10ad]

Native frames: (J=compiled Java code, j=interpreted, Vv=VM code, C=native code)
V  [jvm.dll+0x62ae9a]
V  [jvm.dll+0x7817a9]
V  [jvm.dll+0x782f03]
V  [jvm.dll+0x7834c5]
V  [jvm.dll+0x78347b]
V  [jvm.dll+0x62a2b9]
V  [jvm.dll+0x62aa88]
C  [ntdll.dll+0xa217f]
C  [ntdll.dll+0x51454]
C  [ntdll.dll+0xa0cae]
C  0x00000183a1fc10ad

VM_Operation (0x0000007eedaff260): G1CollectFull, mode: safepoint, requested by thread 0x00000183bac8b300


---------------  P R O C E S S  ---------------

Threads class SMR info:
_java_thread_list=0x00000183ba8d3e90, length=19, elements={
0x00000183b80413a0, 0x00000183b80446b0, 0x00000183b885f1a0, 0x00000183b889a5f0,
0x00000183b8887150, 0x00000183b888b5e0, 0x00000183b88a2fc0, 0x00000183b7fc64a0,
0x00000183b8a61590, 0x00000183b909c220, 0x00000183b90a9210, 0x00000183b9098290,
0x00000183b943f820, 0x00000183b955efb0, 0x00000183b956b3b0, 0x00000183bac8a960,
0x00000183bcc38890, 0x00000183bcc34a00, 0x00000183bac8b300
}

Java Threads: ( => current thread )
  0x00000183b80413a0 JavaThread "Reference Handler" daemon [_thread_blocked, id=8468, stack(0x0000007eee400000,0x0000007eee500000)]
  0x00000183b80446b0 JavaThread "Finalizer" daemon [_thread_blocked, id=28600, stack(0x0000007eee500000,0x0000007eee600000)]
  0x00000183b885f1a0 JavaThread "Signal Dispatcher" daemon [_thread_blocked, id=3720, stack(0x0000007eee600000,0x0000007eee700000)]
  0x00000183b889a5f0 JavaThread "Attach Listener" daemon [_thread_blocked, id=1380, stack(0x0000007eee700000,0x0000007eee800000)]
  0x00000183b8887150 JavaThread "Service Thread" daemon [_thread_blocked, id=860, stack(0x0000007eee800000,0x0000007eee900000)]
  0x00000183b888b5e0 JavaThread "C1 CompilerThread0" daemon [_thread_blocked, id=960, stack(0x0000007eee900000,0x0000007eeea00000)]
  0x00000183b88a2fc0 JavaThread "Sweeper thread" daemon [_thread_blocked, id=1180, stack(0x0000007eeea00000,0x0000007eeeb00000)]
  0x00000183b7fc64a0 JavaThread "Common-Cleaner" daemon [_thread_blocked, id=500, stack(0x0000007eeeb00000,0x0000007eeec00000)]
  0x00000183b8a61590 JavaThread "Notification Thread" daemon [_thread_blocked, id=25228, stack(0x0000007eeec00000,0x0000007eeed00000)]
  0x00000183b909c220 JavaThread "RMI TCP Accept-0" daemon [_thread_in_native, id=6072, stack(0x0000007eeed00000,0x0000007eeee00000)]
  0x00000183b90a9210 JavaThread "RMI TCP Accept-53791" daemon [_thread_in_native, id=11780, stack(0x0000007eeee00000,0x0000007eeef00000)]
  0x00000183b9098290 JavaThread "RMI TCP Accept-0" daemon [_thread_in_native, id=26976, stack(0x0000007eeef00000,0x0000007eef000000)]
  0x00000183b943f820 JavaThread "RMI Scheduler(0)" daemon [_thread_blocked, id=15612, stack(0x0000007eef600000,0x0000007eef700000)]
  0x00000183b955efb0 JavaThread "RMI TCP Connection(idle)" daemon [_thread_blocked, id=26684, stack(0x0000007eef700000,0x0000007eef800000)]
  0x00000183b956b3b0 JavaThread "JMX server connection timeout 20" daemon [_thread_blocked, id=25892, stack(0x0000007eef800000,0x0000007eef900000)]
  0x00000183bac8a960 JavaThread "mysql-cj-abandoned-connection-cleanup" daemon [_thread_blocked, id=28268, stack(0x0000007eeff00000,0x0000007ef0000000)]
  0x00000183bcc38890 JavaThread "Live Reload Server" daemon [_thread_in_native, id=9756, stack(0x0000007ef0400000,0x0000007ef0500000)]
  0x00000183bcc34a00 JavaThread "DestroyJavaVM" [_thread_blocked, id=15352, stack(0x0000007eedd00000,0x0000007eede00000)]
  0x00000183bac8b300 JavaThread "Thread-13" [_thread_blocked, id=23588, stack(0x0000007eeda00000,0x0000007eedb00000)]

Other Threads:
=>0x00000183b802c640 VMThread "VM Thread" [stack: 0x0000007eee300000,0x0000007eee400000] [id=14524]
  0x00000183b9098760 WatcherThread [stack: 0x0000007eef000000,0x0000007eef100000] [id=16084]
  0x000001839e5f57e0 GCTaskThread "GC Thread#0" [stack: 0x0000007eede00000,0x0000007eedf00000] [id=16468]
  0x00000183b90106b0 GCTaskThread "GC Thread#1" [stack: 0x0000007eef100000,0x0000007eef200000] [id=27756]
  0x00000183b900fd20 GCTaskThread "GC Thread#2" [stack: 0x0000007eef200000,0x0000007eef300000] [id=13720]
  0x00000183b9011040 GCTaskThread "GC Thread#3" [stack: 0x0000007eefc00000,0x0000007eefd00000] [id=24828]
  0x000001839e606c20 ConcurrentGCThread "G1 Main Marker" [stack: 0x0000007eedf00000,0x0000007eee000000] [id=6588]
  0x000001839e6074e0 ConcurrentGCThread "G1 Conc#0" [stack: 0x0000007eee000000,0x0000007eee100000] [id=13792]
  0x000001839e670190 ConcurrentGCThread "G1 Refine#0" [stack: 0x0000007eee100000,0x0000007eee200000] [id=26472]
  0x00000183b9446980 ConcurrentGCThread "G1 Refine#1" [stack: 0x0000007eef300000,0x0000007eef400000] [id=25368]
  0x00000183b943a9c0 ConcurrentGCThread "G1 Refine#2" [stack: 0x0000007eef400000,0x0000007eef500000] [id=4036]
  0x000001839e670a60 ConcurrentGCThread "G1 Young RemSet Sampling" [stack: 0x0000007eee200000,0x0000007eee300000] [id=26284]

Threads with active compile tasks:
C1 CompilerThread0   859735 5821   !   1       sun.nio.ch.NioSocketImpl::setOption (545 bytes)

VM state: at safepoint (normal execution)

VM Mutex/Monitor currently owned by a thread:  ([mutex/lock_event])
[0x000001839e5b3c30] Threads_lock - owner thread: 0x00000183b802c640
[0x000001839e5b4530] Heap_lock - owner thread: 0x00000183bac8b300

Heap address: 0x0000000081400000, size: 2028 MB, Compressed Oops mode: 32-bit
CDS disabled.
Compressed class space mapped at: 0x0000000100000000-0x0000000140000000, size: 1073741824
Narrow klass base: 0x0000000000000000, Narrow klass shift: 3, Narrow klass range: 0x140000000

GC Precious Log:
 CPUs: 4 total, 4 available
 Memory: 8107M
 Large Page Support: Disabled
 NUMA Support: Disabled
 Compressed Oops: Enabled (32-bit)
 Heap Region Size: 1M
 Heap Min Capacity: 8M
 Heap Initial Capacity: 128M
 Heap Max Capacity: 2028M
 Pre-touch: Disabled
 Parallel Workers: 4
 Concurrent Workers: 1
 Concurrent Refinement Workers: 4
 Periodic GC: Disabled

Heap:
 garbage-first heap   total 71680K, used 52603K [0x0000000081400000, 0x0000000100000000)
  region size 1024K, 34 young (34816K), 3 survivors (3072K)
 Metaspace       used 58877K, capacity 59618K, committed 59648K, reserved 1101824K
  class space    used 7629K, capacity 7931K, committed 7936K, reserved 1048576K

Heap Regions: E=young(eden), S=young(survivor), O=old, HS=humongous(starts), HC=humongous(continues), CS=collection set, F=free, OA=open archive, CA=closed archive, TAMS=top-at-mark-start (previous, next)
|   0|0x0000000081400000, 0x0000000081500000, 0x0000000081500000|100%|HS|  |TAMS 0x0000000081400000, 0x0000000081400000| Untracked 
|   1|0x0000000081500000, 0x00000000815ffee0, 0x0000000081600000| 99%| O|  |TAMS 0x0000000081500000, 0x0000000081500000| Untracked 
|   2|0x0000000081600000, 0x00000000816fffd8, 0x0000000081700000| 99%| O|  |TAMS 0x0000000081600000, 0x0000000081600000| Untracked 
|   3|0x0000000081700000, 0x00000000817ffff8, 0x0000000081800000| 99%| O|  |TAMS 0x0000000081700000, 0x0000000081700000| Untracked 
|   4|0x0000000081800000, 0x0000000081900000, 0x0000000081900000|100%| O|  |TAMS 0x0000000081800000, 0x0000000081800000| Untracked 
|   5|0x0000000081900000, 0x00000000819f51e0, 0x0000000081a00000| 95%| O|  |TAMS 0x0000000081900000, 0x0000000081900000| Untracked 
|   6|0x0000000081a00000, 0x0000000081affff0, 0x0000000081b00000| 99%| O|  |TAMS 0x0000000081a00000, 0x0000000081a00000| Untracked 
|   7|0x0000000081b00000, 0x0000000081bfffe8, 0x0000000081c00000| 99%| O|  |TAMS 0x0000000081b00000, 0x0000000081b00000| Untracked 
|   8|0x0000000081c00000, 0x0000000081cfffc8, 0x0000000081d00000| 99%| O|  |TAMS 0x0000000081c00000, 0x0000000081c00000| Untracked 
|   9|0x0000000081d00000, 0x0000000081dffff8, 0x0000000081e00000| 99%| O|  |TAMS 0x0000000081d00000, 0x0000000081d00000| Untracked 
|  10|0x0000000081e00000, 0x0000000081effff0, 0x0000000081f00000| 99%| O|  |TAMS 0x0000000081e00000, 0x0000000081e00000| Untracked 
|  11|0x0000000081f00000, 0x0000000081ffffe8, 0x0000000082000000| 99%| O|  |TAMS 0x0000000081f00000, 0x0000000081f00000| Untracked 
|  12|0x0000000082000000, 0x00000000820fffe8, 0x0000000082100000| 99%| O|  |TAMS 0x0000000082000000, 0x0000000082000000| Untracked 
|  13|0x0000000082100000, 0x00000000821fffc8, 0x0000000082200000| 99%| O|  |TAMS 0x0000000082100000, 0x0000000082100000| Untracked 
|  14|0x0000000082200000, 0x0000000082300000, 0x0000000082300000|100%| O|  |TAMS 0x0000000082200000, 0x0000000082200000| Untracked 
|  15|0x0000000082300000, 0x00000000823fffd8, 0x0000000082400000| 99%| O|  |TAMS 0x0000000082300000, 0x0000000082300000| Untracked 
|  16|0x0000000082400000, 0x00000000824fffe8, 0x0000000082500000| 99%| O|  |TAMS 0x0000000082400000, 0x0000000082400000| Untracked 
|  17|0x0000000082500000, 0x0000000082600000, 0x0000000082600000|100%| O|  |TAMS 0x0000000082500000, 0x0000000082500000| Untracked 
|  18|0x0000000082600000, 0x00000000826ef918, 0x0000000082700000| 93%| O|  |TAMS 0x0000000082600000, 0x0000000082600000| Untracked 
|  19|0x0000000082700000, 0x0000000082786e20, 0x0000000082800000| 52%| O|  |TAMS 0x0000000082700000, 0x0000000082700000| Untracked 
|  20|0x0000000082800000, 0x0000000082800000, 0x0000000082900000|  0%| F|  |TAMS 0x0000000082800000, 0x0000000082800000| Untracked 
|  21|0x0000000082900000, 0x0000000082900000, 0x0000000082a00000|  0%| F|  |TAMS 0x0000000082900000, 0x0000000082900000| Untracked 
|  22|0x0000000082a00000, 0x0000000082a00000, 0x0000000082b00000|  0%| F|  |TAMS 0x0000000082a00000, 0x0000000082a00000| Untracked 
|  23|0x0000000082b00000, 0x0000000082b00000, 0x0000000082c00000|  0%| F|  |TAMS 0x0000000082b00000, 0x0000000082b00000| Untracked 
|  24|0x0000000082c00000, 0x0000000082c00000, 0x0000000082d00000|  0%| F|  |TAMS 0x0000000082c00000, 0x0000000082c00000| Untracked 
|  25|0x0000000082d00000, 0x0000000082d00000, 0x0000000082e00000|  0%| F|  |TAMS 0x0000000082d00000, 0x0000000082d00000| Untracked 
|  26|0x0000000082e00000, 0x0000000082e00000, 0x0000000082f00000|  0%| F|  |TAMS 0x0000000082e00000, 0x0000000082e00000| Untracked 
|  27|0x0000000082f00000, 0x0000000082f00000, 0x0000000083000000|  0%| F|  |TAMS 0x0000000082f00000, 0x0000000082f00000| Untracked 
|  28|0x0000000083000000, 0x0000000083000000, 0x0000000083100000|  0%| F|  |TAMS 0x0000000083000000, 0x0000000083000000| Untracked 
|  29|0x0000000083100000, 0x0000000083100000, 0x0000000083200000|  0%| F|  |TAMS 0x0000000083100000, 0x0000000083100000| Untracked 
|  30|0x0000000083200000, 0x0000000083200000, 0x0000000083300000|  0%| F|  |TAMS 0x0000000083200000, 0x0000000083200000| Untracked 
|  31|0x0000000083300000, 0x00000000833b65b0, 0x0000000083400000| 71%| O|  |TAMS 0x0000000083300000, 0x0000000083300000| Untracked 
|  32|0x0000000083400000, 0x0000000083400000, 0x0000000083500000|  0%| F|  |TAMS 0x0000000083400000, 0x0000000083400000| Untracked 
|  33|0x0000000083500000, 0x0000000083500000, 0x0000000083600000|  0%| F|  |TAMS 0x0000000083500000, 0x0000000083500000| Untracked 
|  34|0x0000000083600000, 0x000000008363d370, 0x0000000083700000| 23%| S|CS|TAMS 0x0000000083600000, 0x0000000083600000| Complete 
|  35|0x0000000083700000, 0x0000000083800000, 0x0000000083800000|100%| S|CS|TAMS 0x0000000083700000, 0x0000000083700000| Complete 
|  36|0x0000000083800000, 0x0000000083900000, 0x0000000083900000|100%| S|CS|TAMS 0x0000000083800000, 0x0000000083800000| Complete 
|  37|0x0000000083900000, 0x0000000083900000, 0x0000000083a00000|  0%| F|  |TAMS 0x0000000083900000, 0x0000000083900000| Untracked 
|  38|0x0000000083a00000, 0x0000000083a00000, 0x0000000083b00000|  0%| F|  |TAMS 0x0000000083a00000, 0x0000000083a00000| Untracked 
|  39|0x0000000083b00000, 0x0000000083b00800, 0x0000000083c00000|  0%| E|  |TAMS 0x0000000083b00000, 0x0000000083b00000| Complete 
|  40|0x0000000083c00000, 0x0000000083d00000, 0x0000000083d00000|100%| E|CS|TAMS 0x0000000083c00000, 0x0000000083c00000| Complete 
|  41|0x0000000083d00000, 0x0000000083e00000, 0x0000000083e00000|100%| E|  |TAMS 0x0000000083d00000, 0x0000000083d00000| Complete 
|  42|0x0000000083e00000, 0x0000000083f00000, 0x0000000083f00000|100%| E|CS|TAMS 0x0000000083e00000, 0x0000000083e00000| Complete 
|  43|0x0000000083f00000, 0x0000000084000000, 0x0000000084000000|100%| E|CS|TAMS 0x0000000083f00000, 0x0000000083f00000| Complete 
|  44|0x0000000084000000, 0x0000000084100000, 0x0000000084100000|100%| E|CS|TAMS 0x0000000084000000, 0x0000000084000000| Complete 
|  45|0x0000000084100000, 0x0000000084200000, 0x0000000084200000|100%| E|CS|TAMS 0x0000000084100000, 0x0000000084100000| Complete 
|  46|0x0000000084200000, 0x0000000084300000, 0x0000000084300000|100%| E|CS|TAMS 0x0000000084200000, 0x0000000084200000| Complete 
|  47|0x0000000084300000, 0x0000000084400000, 0x0000000084400000|100%| E|CS|TAMS 0x0000000084300000, 0x0000000084300000| Complete 
|  48|0x0000000084400000, 0x0000000084500000, 0x0000000084500000|100%| E|CS|TAMS 0x0000000084400000, 0x0000000084400000| Complete 
|  49|0x0000000084500000, 0x0000000084600000, 0x0000000084600000|100%| E|CS|TAMS 0x0000000084500000, 0x0000000084500000| Complete 
|  50|0x0000000084600000, 0x0000000084700000, 0x0000000084700000|100%| E|CS|TAMS 0x0000000084600000, 0x0000000084600000| Complete 
|  51|0x0000000084700000, 0x0000000084800000, 0x0000000084800000|100%| E|CS|TAMS 0x0000000084700000, 0x0000000084700000| Complete 
|  52|0x0000000084800000, 0x0000000084900000, 0x0000000084900000|100%| E|CS|TAMS 0x0000000084800000, 0x0000000084800000| Complete 
|  53|0x0000000084900000, 0x0000000084a00000, 0x0000000084a00000|100%| E|CS|TAMS 0x0000000084900000, 0x0000000084900000| Complete 
|  54|0x0000000084a00000, 0x0000000084b00000, 0x0000000084b00000|100%| E|CS|TAMS 0x0000000084a00000, 0x0000000084a00000| Complete 
|  55|0x0000000084b00000, 0x0000000084c00000, 0x0000000084c00000|100%| E|CS|TAMS 0x0000000084b00000, 0x0000000084b00000| Complete 
|  56|0x0000000084c00000, 0x0000000084d00000, 0x0000000084d00000|100%| E|CS|TAMS 0x0000000084c00000, 0x0000000084c00000| Complete 
|  57|0x0000000084d00000, 0x0000000084e00000, 0x0000000084e00000|100%| E|CS|TAMS 0x0000000084d00000, 0x0000000084d00000| Complete 
|  58|0x0000000084e00000, 0x0000000084f00000, 0x0000000084f00000|100%| E|CS|TAMS 0x0000000084e00000, 0x0000000084e00000| Complete 
|  59|0x0000000084f00000, 0x0000000085000000, 0x0000000085000000|100%| E|CS|TAMS 0x0000000084f00000, 0x0000000084f00000| Complete 
|  60|0x0000000085000000, 0x0000000085100000, 0x0000000085100000|100%| E|CS|TAMS 0x0000000085000000, 0x0000000085000000| Complete 
|  61|0x0000000085100000, 0x0000000085200000, 0x0000000085200000|100%| E|CS|TAMS 0x0000000085100000, 0x0000000085100000| Complete 
|  62|0x0000000085200000, 0x0000000085300000, 0x0000000085300000|100%| E|CS|TAMS 0x0000000085200000, 0x0000000085200000| Complete 
|  63|0x0000000085300000, 0x0000000085400000, 0x0000000085400000|100%| E|CS|TAMS 0x0000000085300000, 0x0000000085300000| Complete 
|  64|0x0000000085400000, 0x0000000085500000, 0x0000000085500000|100%| E|CS|TAMS 0x0000000085400000, 0x0000000085400000| Complete 
|  65|0x0000000085500000, 0x0000000085600000, 0x0000000085600000|100%| E|CS|TAMS 0x0000000085500000, 0x0000000085500000| Complete 
|  66|0x0000000085600000, 0x0000000085700000, 0x0000000085700000|100%| E|CS|TAMS 0x0000000085600000, 0x0000000085600000| Complete 
|  67|0x0000000085700000, 0x0000000085800000, 0x0000000085800000|100%| E|CS|TAMS 0x0000000085700000, 0x0000000085700000| Complete 
|  82|0x0000000086600000, 0x0000000086700000, 0x0000000086700000|100%| E|CS|TAMS 0x0000000086600000, 0x0000000086600000| Complete 
|  83|0x0000000086700000, 0x0000000086800000, 0x0000000086800000|100%| E|CS|TAMS 0x0000000086700000, 0x0000000086700000| Complete 

Card table byte_map: [0x00000183b13c0000,0x00000183b17c0000] _byte_map_base: 0x00000183b0fb6000

Marking Bits (Prev, Next): (CMBitMap*) 0x000001839e5f5ca0, (CMBitMap*) 0x000001839e5f5ce0
 Prev Bits: [0x00000183b1bc0000, 0x00000183b3b70000)
 Next Bits: [0x00000183b3b70000, 0x00000183b5b20000)

Polling page: 0x000001839c500000

Metaspace:

Usage:
  Non-class:     50.48 MB capacity,    50.05 MB (>99%) used,   357.62 KB ( <1%) free+waste,    81.38 KB ( <1%) overhead. 
      Class:      7.75 MB capacity,     7.45 MB ( 96%) used,   268.73 KB (  3%) free+waste,    32.38 KB ( <1%) overhead. 
       Both:     58.22 MB capacity,    57.50 MB ( 99%) used,   626.35 KB (  1%) free+waste,   113.75 KB ( <1%) overhead. 

Virtual space:
  Non-class space:       52.00 MB reserved,      50.50 MB ( 97%) committed 
      Class space:        1.00 GB reserved,       7.75 MB ( <1%) committed 
             Both:        1.05 GB reserved,      58.25 MB (  5%) committed 

Chunk freelists:
   Non-Class:  25.00 KB
       Class:  5.00 KB
        Both:  30.00 KB

MaxMetaspaceSize: 17179869184.00 GB
CompressedClassSpaceSize: 1.00 GB

CodeHeap 'non-profiled nmethods': size=238912Kb used=9475Kb max_used=9475Kb free=229436Kb
 bounds [0x00000183a2670000, 0x00000183a2fc0000, 0x00000183b0fc0000]
CodeHeap 'non-nmethods': size=6848Kb used=1280Kb max_used=1280Kb free=5568Kb
 bounds [0x00000183a1fc0000, 0x00000183a2230000, 0x00000183a2670000]
 total_blobs=6391 nmethods=5820 adapters=498
 compilation: enabled
              stopped_count=0, restarted_count=0
 full_count=0

Compilation events (20 events):
Event: 859.527 Thread 0x00000183b888b5e0 nmethod 5811 0x00000183a2fad010 code [0x00000183a2fad1a0, 0x00000183a2fad278]
Event: 859.534 Thread 0x00000183b888b5e0 5812       1       org.apache.tomcat.util.collections.ManagedConcurrentWeakHashMap$Key::hashCode (5 bytes)
Event: 859.534 Thread 0x00000183b888b5e0 nmethod 5812 0x00000183a2fad310 code [0x00000183a2fad4a0, 0x00000183a2fad558]
Event: 859.534 Thread 0x00000183b888b5e0 5813       1       org.apache.catalina.core.StandardContext::getInstanceManager (5 bytes)
Event: 859.534 Thread 0x00000183b888b5e0 nmethod 5813 0x00000183a2fad610 code [0x00000183a2fad7a0, 0x00000183a2fad858]
Event: 859.537 Thread 0x00000183b888b5e0 5814       1       java.util.concurrent.ThreadPoolExecutor::isRunning (10 bytes)
Event: 859.537 Thread 0x00000183b888b5e0 nmethod 5814 0x00000183a2fad910 code [0x00000183a2fadaa0, 0x00000183a2fadb58]
Event: 859.539 Thread 0x00000183b888b5e0 5815   !   1       org.springframework.beans.factory.support.DefaultSingletonBeanRegistry::destroyBean (385 bytes)
Event: 859.540 Thread 0x00000183b888b5e0 nmethod 5815 0x00000183a2fadc10 code [0x00000183a2fae000, 0x00000183a2faeff8]
Event: 859.540 Thread 0x00000183b888b5e0 5817   !   1       org.hibernate.internal.util.collections.BoundedConcurrentHashMap$Segment::clear (73 bytes)
Event: 859.541 Thread 0x00000183b888b5e0 nmethod 5817 0x00000183a2faf990 code [0x00000183a2fafba0, 0x00000183a2faff38]
Event: 859.541 Thread 0x00000183b888b5e0 5816       1       sun.util.calendar.CalendarDate::isNormalized (5 bytes)
Event: 859.541 Thread 0x00000183b888b5e0 nmethod 5816 0x00000183a2fb0210 code [0x00000183a2fb03a0, 0x00000183a2fb0458]
Event: 859.542 Thread 0x00000183b888b5e0 5818       1       sun.net.ext.ExtendedSocketOptions::options (5 bytes)
Event: 859.542 Thread 0x00000183b888b5e0 nmethod 5818 0x00000183a2fb0510 code [0x00000183a2fb06a0, 0x00000183a2fb0758]
Event: 859.542 Thread 0x00000183b888b5e0 5819       1       sun.nio.ch.OptionKey::level (5 bytes)
Event: 859.542 Thread 0x00000183b888b5e0 nmethod 5819 0x00000183a2fb0810 code [0x00000183a2fb09a0, 0x00000183a2fb0a58]
Event: 859.542 Thread 0x00000183b888b5e0 5820       1       sun.nio.ch.OptionKey::name (5 bytes)
Event: 859.542 Thread 0x00000183b888b5e0 nmethod 5820 0x00000183a2fb0b10 code [0x00000183a2fb0ca0, 0x00000183a2fb0d58]
Event: 859.543 Thread 0x00000183b888b5e0 5821   !   1       sun.nio.ch.NioSocketImpl::setOption (545 bytes)

GC Heap History (20 events):
Event: 3.700 GC heap before
{Heap before GC invocations=14 (full 0):
 garbage-first heap   total 61440K, used 49943K [0x0000000081400000, 0x0000000100000000)
  region size 1024K, 36 young (36864K), 2 survivors (2048K)
 Metaspace       used 42514K, capacity 43002K, committed 43264K, reserved 1087488K
  class space    used 5370K, capacity 5548K, committed 5632K, reserved 1048576K
}
Event: 3.705 GC heap after
{Heap after GC invocations=15 (full 0):
 garbage-first heap   total 61440K, used 17008K [0x0000000081400000, 0x0000000100000000)
  region size 1024K, 4 young (4096K), 4 survivors (4096K)
 Metaspace       used 42514K, capacity 43002K, committed 43264K, reserved 1087488K
  class space    used 5370K, capacity 5548K, committed 5632K, reserved 1048576K
}
Event: 4.299 GC heap before
{Heap before GC invocations=15 (full 0):
 garbage-first heap   total 61440K, used 48752K [0x0000000081400000, 0x0000000100000000)
  region size 1024K, 36 young (36864K), 4 survivors (4096K)
 Metaspace       used 50715K, capacity 51186K, committed 51328K, reserved 1093632K
  class space    used 6484K, capacity 6673K, committed 6784K, reserved 1048576K
}
Event: 4.306 GC heap after
{Heap after GC invocations=16 (full 0):
 garbage-first heap   total 73728K, used 20002K [0x0000000081400000, 0x0000000100000000)
  region size 1024K, 5 young (5120K), 5 survivors (5120K)
 Metaspace       used 50715K, capacity 51186K, committed 51328K, reserved 1093632K
  class space    used 6484K, capacity 6673K, committed 6784K, reserved 1048576K
}
Event: 5.199 GC heap before
{Heap before GC invocations=16 (full 0):
 garbage-first heap   total 73728K, used 57890K [0x0000000081400000, 0x0000000100000000)
  region size 1024K, 42 young (43008K), 5 survivors (5120K)
 Metaspace       used 56361K, capacity 56946K, committed 57216K, reserved 1099776K
  class space    used 7266K, capacity 7499K, committed 7552K, reserved 1048576K
}
Event: 5.210 GC heap after
{Heap after GC invocations=17 (full 0):
 garbage-first heap   total 73728K, used 23193K [0x0000000081400000, 0x0000000100000000)
  region size 1024K, 6 young (6144K), 6 survivors (6144K)
 Metaspace       used 56361K, capacity 56946K, committed 57216K, reserved 1099776K
  class space    used 7266K, capacity 7499K, committed 7552K, reserved 1048576K
}
Event: 386.252 GC heap before
{Heap before GC invocations=17 (full 0):
 garbage-first heap   total 73728K, used 45721K [0x0000000081400000, 0x0000000100000000)
  region size 1024K, 29 young (29696K), 6 survivors (6144K)
 Metaspace       used 58523K, capacity 59155K, committed 59392K, reserved 1101824K
  class space    used 7593K, capacity 7830K, committed 7936K, reserved 1048576K
}
Event: 386.286 GC heap after
{Heap after GC invocations=18 (full 1):
 garbage-first heap   total 73728K, used 20437K [0x0000000081400000, 0x0000000100000000)
  region size 1024K, 0 young (0K), 0 survivors (0K)
 Metaspace       used 58523K, capacity 59155K, committed 59392K, reserved 1101824K
  class space    used 7593K, capacity 7830K, committed 7936K, reserved 1048576K
}
Event: 386.674 GC heap before
{Heap before GC invocations=18 (full 1):
 garbage-first heap   total 73728K, used 55253K [0x0000000081400000, 0x0000000100000000)
  region size 1024K, 35 young (35840K), 0 survivors (0K)
 Metaspace       used 58552K, capacity 59186K, committed 59392K, reserved 1101824K
  class space    used 7599K, capacity 7839K, committed 7936K, reserved 1048576K
}
Event: 386.677 GC heap after
{Heap after GC invocations=19 (full 1):
 garbage-first heap   total 73728K, used 23306K [0x0000000081400000, 0x0000000100000000)
  region size 1024K, 3 young (3072K), 3 survivors (3072K)
 Metaspace       used 58552K, capacity 59186K, committed 59392K, reserved 1101824K
  class space    used 7599K, capacity 7839K, committed 7936K, reserved 1048576K
}
Event: 386.687 GC heap before
{Heap before GC invocations=19 (full 1):
 garbage-first heap   total 73728K, used 55050K [0x0000000081400000, 0x0000000100000000)
  region size 1024K, 35 young (35840K), 3 survivors (3072K)
 Metaspace       used 58552K, capacity 59186K, committed 59392K, reserved 1101824K
  class space    used 7599K, capacity 7839K, committed 7936K, reserved 1048576K
}
Event: 386.690 GC heap after
{Heap after GC invocations=20 (full 1):
 garbage-first heap   total 73728K, used 22783K [0x0000000081400000, 0x0000000100000000)
  region size 1024K, 3 young (3072K), 3 survivors (3072K)
 Metaspace       used 58552K, capacity 59186K, committed 59392K, reserved 1101824K
  class space    used 7599K, capacity 7839K, committed 7936K, reserved 1048576K
}
Event: 647.860 GC heap before
{Heap before GC invocations=20 (full 1):
 garbage-first heap   total 73728K, used 55551K [0x0000000081400000, 0x0000000100000000)
  region size 1024K, 36 young (36864K), 3 survivors (3072K)
 Metaspace       used 58695K, capacity 59373K, committed 59648K, reserved 1101824K
  class space    used 7610K, capacity 7877K, committed 7936K, reserved 1048576K
}
Event: 647.871 GC heap after
{Heap after GC invocations=21 (full 1):
 garbage-first heap   total 73728K, used 24319K [0x0000000081400000, 0x0000000100000000)
  region size 1024K, 4 young (4096K), 4 survivors (4096K)
 Metaspace       used 58695K, capacity 59373K, committed 59648K, reserved 1101824K
  class space    used 7610K, capacity 7877K, committed 7936K, reserved 1048576K
}
Event: 647.923 GC heap before
{Heap before GC invocations=21 (full 1):
 garbage-first heap   total 73728K, used 25343K [0x0000000081400000, 0x0000000100000000)
  region size 1024K, 6 young (6144K), 4 survivors (4096K)
 Metaspace       used 58698K, capacity 59379K, committed 59648K, reserved 1101824K
  class space    used 7610K, capacity 7879K, committed 7936K, reserved 1048576K
}
Event: 647.967 GC heap after
{Heap after GC invocations=22 (full 2):
 garbage-first heap   total 71680K, used 20615K [0x0000000081400000, 0x0000000100000000)
  region size 1024K, 0 young (0K), 0 survivors (0K)
 Metaspace       used 58695K, capacity 59373K, committed 59648K, reserved 1101824K
  class space    used 7610K, capacity 7877K, committed 7936K, reserved 1048576K
}
Event: 648.457 GC heap before
{Heap before GC invocations=22 (full 2):
 garbage-first heap   total 71680K, used 56455K [0x0000000081400000, 0x0000000100000000)
  region size 1024K, 36 young (36864K), 0 survivors (0K)
 Metaspace       used 58727K, capacity 59419K, committed 59648K, reserved 1101824K
  class space    used 7617K, capacity 7889K, committed 7936K, reserved 1048576K
}
Event: 648.460 GC heap after
{Heap after GC invocations=23 (full 2):
 garbage-first heap   total 71680K, used 23166K [0x0000000081400000, 0x0000000100000000)
  region size 1024K, 3 young (3072K), 3 survivors (3072K)
 Metaspace       used 58727K, capacity 59419K, committed 59648K, reserved 1101824K
  class space    used 7617K, capacity 7889K, committed 7936K, reserved 1048576K
}
Event: 648.532 GC heap before
{Heap before GC invocations=23 (full 2):
 garbage-first heap   total 71680K, used 55934K [0x0000000081400000, 0x0000000100000000)
  region size 1024K, 36 young (36864K), 3 survivors (3072K)
 Metaspace       used 58728K, capacity 59419K, committed 59648K, reserved 1101824K
  class space    used 7618K, capacity 7889K, committed 7936K, reserved 1048576K
}
Event: 648.536 GC heap after
{Heap after GC invocations=24 (full 2):
 garbage-first heap   total 71680K, used 22907K [0x0000000081400000, 0x0000000100000000)
  region size 1024K, 3 young (3072K), 3 survivors (3072K)
 Metaspace       used 58728K, capacity 59419K, committed 59648K, reserved 1101824K
  class space    used 7618K, capacity 7889K, committed 7936K, reserved 1048576K
}

Deoptimization events (6 events):
Event: 2.254 Thread 0x00000183ba04e730 DEOPT PACKING pc=0x00000183a2958b3c sp=0x0000007eefafcf40
Event: 2.254 Thread 0x00000183ba04e730 DEOPT UNPACKING pc=0x00000183a200e23f sp=0x0000007eefafc498 mode 0
Event: 4.766 Thread 0x00000183ba04e730 DEOPT PACKING pc=0x00000183a2942ad2 sp=0x0000007eefafd4e0
Event: 4.766 Thread 0x00000183ba04e730 DEOPT UNPACKING pc=0x00000183a200e23f sp=0x0000007eefafc9e8 mode 3
Event: 4.766 Thread 0x00000183ba04e730 DEOPT PACKING pc=0x00000183a2924c25 sp=0x0000007eefafd4a0
Event: 4.766 Thread 0x00000183ba04e730 DEOPT UNPACKING pc=0x00000183a200e23f sp=0x0000007eefafc9e8 mode 3

Classes unloaded (1 events):
Event: 647.937 Thread 0x00000183b802c640 Unloading class 0x00000001006fb040 'org/apache/catalina/loader/JdbcLeakPrevention'

Classes redefined (0 events):
No events

Internal exceptions (20 events):
Event: 5.278 Thread 0x00000183ba04e730 Exception <a 'java/lang/ClassNotFoundException'{0x000000008677d7a0}: java/lang/ObjectCustomizer> (0x000000008677d7a0) 
thrown [./open/src/hotspot/share/classfile/systemDictionary.cpp, line 295]
Event: 5.279 Thread 0x00000183ba04e730 Exception <a 'java/lang/ClassNotFoundException'{0x0000000086786de0}: com/progra3/datos/entities/ClienteEntityCustomizer> (0x0000000086786de0) 
thrown [./open/src/hotspot/share/classfile/systemDictionary.cpp, line 295]
Event: 5.306 Thread 0x00000183ba04e730 Exception <a 'java/lang/IncompatibleClassChangeError'{0x00000000857929d8}: Found class java.lang.Object, but interface was expected> (0x00000000857929d8) 
thrown [./open/src/hotspot/share/interpreter/linkResolver.cpp, line 848]
Event: 5.389 Thread 0x00000183ba04e730 Exception <a 'java/lang/NoSuchMethodError'{0x00000000851bef20}: 'java.lang.Object java.lang.invoke.DirectMethodHandle$Holder.invokeSpecial(java.lang.Object, java.lang.Object, int, java.lang.Object, int, java.lang.Object)'> (0x00000000851bef20) 
thrown [./open/src/hotspot/share/interpreter/linkResolver.cpp, line 782]
Event: 5.389 Thread 0x00000183ba04e730 Exception <a 'java/lang/NoSuchMethodError'{0x00000000851c79b0}: 'java.lang.Object java.lang.invoke.DirectMethodHandle$Holder.newInvokeSpecial(java.lang.Object, java.lang.Object, int, java.lang.Object, int)'> (0x00000000851c79b0) 
thrown [./open/src/hotspot/share/interpreter/linkResolver.cpp, line 782]
Event: 5.389 Thread 0x00000183ba04e730 Exception <a 'java/lang/NoSuchMethodError'{0x00000000851cbbc0}: 'java.lang.Object java.lang.invoke.DirectMethodHandle$Holder.invokeSpecial(java.lang.Object, java.lang.Object, java.lang.Object, int, java.lang.Object, int)'> (0x00000000851cbbc0) 
thrown [./open/src/hotspot/share/interpreter/linkResolver.cpp, line 782]
Event: 5.391 Thread 0x00000183ba04e730 Exception <a 'java/lang/NoSuchMethodError'{0x00000000851d6770}: 'void java.lang.invoke.DirectMethodHandle$Holder.invokeVirtual(java.lang.Object, java.lang.Object)'> (0x00000000851d6770) 
thrown [./open/src/hotspot/share/interpreter/linkResolver.cpp, line 782]
Event: 386.232 Thread 0x00000183bac8c170 Exception <a 'java/lang/InterruptedException'{0x00000000846aa3f0}: sleep interrupted> (0x00000000846aa3f0) 
thrown [./open/src/hotspot/share/prims/jvm.cpp, line 3278]
Event: 386.300 Thread 0x00000183bcc38d60 Exception <a 'java/io/FileNotFoundException'{0x00000000893cf9d8}> (0x00000000893cf9d8) 
thrown [./open/src/hotspot/share/prims/jni.cpp, line 578]
Event: 386.709 Thread 0x00000183bcc38d60 Exception <a 'java/io/FileNotFoundException'{0x000000008937c560}> (0x000000008937c560) 
thrown [./open/src/hotspot/share/prims/jni.cpp, line 578]
Event: 386.736 Thread 0x00000183bcc38d60 Exception <a 'java/io/FileNotFoundException'{0x0000000086714fd0}> (0x0000000086714fd0) 
thrown [./open/src/hotspot/share/prims/jni.cpp, line 578]
Event: 386.995 Thread 0x00000183bcc38d60 Exception <a 'java/lang/ClassNotFoundException'{0x00000000846b8cb8}: java/lang/ObjectCustomizer> (0x00000000846b8cb8) 
thrown [./open/src/hotspot/share/classfile/systemDictionary.cpp, line 295]
Event: 386.998 Thread 0x00000183bcc38d60 Exception <a 'java/lang/ClassNotFoundException'{0x00000000846c2030}: com/progra3/datos/entities/ClienteEntityCustomizer> (0x00000000846c2030) 
thrown [./open/src/hotspot/share/classfile/systemDictionary.cpp, line 295]
Event: 647.914 Thread 0x00000183bcc39bd0 Exception <a 'java/lang/InterruptedException'{0x0000000089252778}: sleep interrupted> (0x0000000089252778) 
thrown [./open/src/hotspot/share/prims/jvm.cpp, line 3278]
Event: 648.001 Thread 0x00000183bcc37550 Exception <a 'java/io/FileNotFoundException'{0x00000000867d57f8}> (0x00000000867d57f8) 
thrown [./open/src/hotspot/share/prims/jni.cpp, line 578]
Event: 648.492 Thread 0x00000183bcc37550 Exception <a 'java/io/FileNotFoundException'{0x0000000083a7f930}> (0x0000000083a7f930) 
thrown [./open/src/hotspot/share/prims/jni.cpp, line 578]
Event: 648.538 Thread 0x00000183bcc37550 Exception <a 'java/io/FileNotFoundException'{0x0000000086715cb0}> (0x0000000086715cb0) 
thrown [./open/src/hotspot/share/prims/jni.cpp, line 578]
Event: 648.854 Thread 0x00000183bcc37550 Exception <a 'java/lang/ClassNotFoundException'{0x0000000084690808}: java/lang/ObjectCustomizer> (0x0000000084690808) 
thrown [./open/src/hotspot/share/classfile/systemDictionary.cpp, line 295]
Event: 648.855 Thread 0x00000183bcc37550 Exception <a 'java/lang/ClassNotFoundException'{0x0000000084699b80}: com/progra3/datos/entities/ClienteEntityCustomizer> (0x0000000084699b80) 
thrown [./open/src/hotspot/share/classfile/systemDictionary.cpp, line 295]
Event: 859.538 Thread 0x00000183bcc35870 Exception <a 'java/lang/InterruptedException'{0x0000000083cb0538}: sleep interrupted> (0x0000000083cb0538) 
thrown [./open/src/hotspot/share/prims/jvm.cpp, line 3278]

Events (20 events):
Event: 859.528 Thread 0x00000183bac8ae30 Thread exited: 0x00000183bac8ae30
Event: 859.537 Thread 0x00000183bcc34060 Thread exited: 0x00000183bcc34060
Event: 859.537 Thread 0x00000183bcc36210 Thread exited: 0x00000183bcc36210
Event: 859.537 Thread 0x00000183bcc37080 Thread exited: 0x00000183bcc37080
Event: 859.537 Thread 0x00000183bcc3aa40 Thread exited: 0x00000183bcc3aa40
Event: 859.537 Thread 0x00000183bcc38d60 Thread exited: 0x00000183bcc38d60
Event: 859.537 Thread 0x00000183bcc33b90 Thread exited: 0x00000183bcc33b90
Event: 859.537 Thread 0x00000183bcc34ed0 Thread exited: 0x00000183bcc34ed0
Event: 859.537 Thread 0x00000183bcc383c0 Thread exited: 0x00000183bcc383c0
Event: 859.537 Thread 0x00000183bcc331f0 Thread exited: 0x00000183bcc331f0
Event: 859.537 Thread 0x00000183bcc336c0 Thread exited: 0x00000183bcc336c0
Event: 859.537 Thread 0x00000183bcc353a0 Thread exited: 0x00000183bcc353a0
Event: 859.537 Thread 0x00000183bcc3a570 Thread exited: 0x00000183bcc3a570
Event: 859.538 Thread 0x00000183bcc35870 Thread exited: 0x00000183bcc35870
Event: 859.538 Thread 0x00000183bcc37ef0 Thread exited: 0x00000183bcc37ef0
Event: 859.538 Thread 0x00000183bcc39bd0 Thread exited: 0x00000183bcc39bd0
Event: 859.541 Thread 0x00000183bac8c170 Thread added: 0x00000183bac8c170
Event: 859.541 Thread 0x00000183bcc3a0a0 Thread exited: 0x00000183bcc3a0a0
Event: 859.543 Thread 0x00000183bac8c170 Thread exited: 0x00000183bac8c170
Event: 859.544 Executing VM operation: G1CollectFull


Dynamic libraries:
0x00007ff6f2590000 - 0x00007ff6f259d000 	C:\Users\Yessi Mateo\Downloads\Programas\sts-4.10.0.RELEASE\plugins\org.eclipse.justj.openjdk.hotspot.jre.full.win32.x86_64_15.0.2.v20210201-0955\jre\bin\javaw.exe
0x00007ffce0c10000 - 0x00007ffce0e05000 	C:\WINDOWS\SYSTEM32\ntdll.dll
0x00007ffce0b10000 - 0x00007ffce0bcd000 	C:\WINDOWS\System32\KERNEL32.DLL
0x00007ffcde510000 - 0x00007ffcde7d8000 	C:\WINDOWS\System32\KERNELBASE.dll
0x00007ffcdeb70000 - 0x00007ffcdec70000 	C:\WINDOWS\System32\ucrtbase.dll
0x00007ffcc1c40000 - 0x00007ffcc1c59000 	C:\Users\Yessi Mateo\Downloads\Programas\sts-4.10.0.RELEASE\plugins\org.eclipse.justj.openjdk.hotspot.jre.full.win32.x86_64_15.0.2.v20210201-0955\jre\bin\VCRUNTIME140.dll
0x00007ffcc1c60000 - 0x00007ffcc1c78000 	C:\Users\Yessi Mateo\Downloads\Programas\sts-4.10.0.RELEASE\plugins\org.eclipse.justj.openjdk.hotspot.jre.full.win32.x86_64_15.0.2.v20210201-0955\jre\bin\jli.dll
0x00007ffcdfee0000 - 0x00007ffce0080000 	C:\WINDOWS\System32\USER32.dll
0x00007ffcde8b0000 - 0x00007ffcde8d2000 	C:\WINDOWS\System32\win32u.dll
0x00007ffce0080000 - 0x00007ffce00aa000 	C:\WINDOWS\System32\GDI32.dll
0x00007ffcde3b0000 - 0x00007ffcde4bb000 	C:\WINDOWS\System32\gdi32full.dll
0x00007ffcd3ae0000 - 0x00007ffcd3d7a000 	C:\WINDOWS\WinSxS\amd64_microsoft.windows.common-controls_6595b64144ccf1df_6.0.19041.844_none_ca00b6081b84eb1d\COMCTL32.dll
0x00007ffcde810000 - 0x00007ffcde8ad000 	C:\WINDOWS\System32\msvcp_win.dll
0x00007ffcdf910000 - 0x00007ffcdf9ae000 	C:\WINDOWS\System32\msvcrt.dll
0x00007ffcdfeb0000 - 0x00007ffcdfee0000 	C:\WINDOWS\System32\IMM32.DLL
0x00007ffcdaea0000 - 0x00007ffcdaeac000 	C:\Users\Yessi Mateo\Downloads\Programas\sts-4.10.0.RELEASE\plugins\org.eclipse.justj.openjdk.hotspot.jre.full.win32.x86_64_15.0.2.v20210201-0955\jre\bin\vcruntime140_1.dll
0x00007ffcac300000 - 0x00007ffcac391000 	C:\Users\Yessi Mateo\Downloads\Programas\sts-4.10.0.RELEASE\plugins\org.eclipse.justj.openjdk.hotspot.jre.full.win32.x86_64_15.0.2.v20210201-0955\jre\bin\msvcp140.dll
0x00007ffc91ce0000 - 0x00007ffc9283e000 	C:\Users\Yessi Mateo\Downloads\Programas\sts-4.10.0.RELEASE\plugins\org.eclipse.justj.openjdk.hotspot.jre.full.win32.x86_64_15.0.2.v20210201-0955\jre\bin\server\jvm.dll
0x00007ffce0430000 - 0x00007ffce04dc000 	C:\WINDOWS\System32\ADVAPI32.dll
0x00007ffce0570000 - 0x00007ffce060b000 	C:\WINDOWS\System32\sechost.dll
0x00007ffcdf3c0000 - 0x00007ffcdf4eb000 	C:\WINDOWS\System32\RPCRT4.dll
0x00007ffce0560000 - 0x00007ffce0568000 	C:\WINDOWS\System32\PSAPI.DLL
0x00007ffcd5ba0000 - 0x00007ffcd5baa000 	C:\WINDOWS\SYSTEM32\VERSION.dll
0x00007ffcd8d60000 - 0x00007ffcd8d69000 	C:\WINDOWS\SYSTEM32\WSOCK32.dll
0x00007ffccf6a0000 - 0x00007ffccf6c7000 	C:\WINDOWS\SYSTEM32\WINMM.dll
0x00007ffce02e0000 - 0x00007ffce034b000 	C:\WINDOWS\System32\WS2_32.dll
0x00007ffcdcf00000 - 0x00007ffcdcf12000 	C:\WINDOWS\SYSTEM32\kernel.appcore.dll
0x00007ffcd7890000 - 0x00007ffcd789a000 	C:\Users\Yessi Mateo\Downloads\Programas\sts-4.10.0.RELEASE\plugins\org.eclipse.justj.openjdk.hotspot.jre.full.win32.x86_64_15.0.2.v20210201-0955\jre\bin\jimage.dll
0x00007ffcdc940000 - 0x00007ffcdcb24000 	C:\WINDOWS\SYSTEM32\DBGHELP.DLL
0x00007ffcc76c0000 - 0x00007ffcc76ec000 	C:\WINDOWS\SYSTEM32\dbgcore.DLL
0x00007ffcdeaf0000 - 0x00007ffcdeb70000 	C:\WINDOWS\System32\bcryptPrimitives.dll
0x00007ffcc16d0000 - 0x00007ffcc16f5000 	C:\Users\Yessi Mateo\Downloads\Programas\sts-4.10.0.RELEASE\plugins\org.eclipse.justj.openjdk.hotspot.jre.full.win32.x86_64_15.0.2.v20210201-0955\jre\bin\java.dll
0x00007ffcc2060000 - 0x00007ffcc2078000 	C:\Users\Yessi Mateo\Downloads\Programas\sts-4.10.0.RELEASE\plugins\org.eclipse.justj.openjdk.hotspot.jre.full.win32.x86_64_15.0.2.v20210201-0955\jre\bin\zip.dll
0x00007ffcdec70000 - 0x00007ffcdf3b2000 	C:\WINDOWS\System32\SHELL32.dll
0x00007ffcdc0e0000 - 0x00007ffcdc870000 	C:\WINDOWS\SYSTEM32\windows.storage.dll
0x00007ffce07b0000 - 0x00007ffce0b05000 	C:\WINDOWS\System32\combase.dll
0x00007ffcddcf0000 - 0x00007ffcddd1c000 	C:\WINDOWS\SYSTEM32\Wldp.dll
0x00007ffce00b0000 - 0x00007ffce015e000 	C:\WINDOWS\System32\SHCORE.dll
0x00007ffce01d0000 - 0x00007ffce0225000 	C:\WINDOWS\System32\shlwapi.dll
0x00007ffcde290000 - 0x00007ffcde2af000 	C:\WINDOWS\SYSTEM32\profapi.dll
0x00007ffcc16b0000 - 0x00007ffcc16c9000 	C:\Users\Yessi Mateo\Downloads\Programas\sts-4.10.0.RELEASE\plugins\org.eclipse.justj.openjdk.hotspot.jre.full.win32.x86_64_15.0.2.v20210201-0955\jre\bin\net.dll
0x00007ffcd87e0000 - 0x00007ffcd88eb000 	C:\WINDOWS\SYSTEM32\WINHTTP.dll
0x00007ffcdda60000 - 0x00007ffcddaca000 	C:\WINDOWS\system32\mswsock.dll
0x00007ffcc1690000 - 0x00007ffcc16a2000 	C:\Users\Yessi Mateo\Downloads\Programas\sts-4.10.0.RELEASE\plugins\org.eclipse.justj.openjdk.hotspot.jre.full.win32.x86_64_15.0.2.v20210201-0955\jre\bin\nio.dll
0x00007ffcd98c0000 - 0x00007ffcd98c9000 	C:\Users\Yessi Mateo\Downloads\Programas\sts-4.10.0.RELEASE\plugins\org.eclipse.justj.openjdk.hotspot.jre.full.win32.x86_64_15.0.2.v20210201-0955\jre\bin\management.dll
0x00007ffcd8380000 - 0x00007ffcd838b000 	C:\Users\Yessi Mateo\Downloads\Programas\sts-4.10.0.RELEASE\plugins\org.eclipse.justj.openjdk.hotspot.jre.full.win32.x86_64_15.0.2.v20210201-0955\jre\bin\management_ext.dll
0x00007ffcda880000 - 0x00007ffcda897000 	C:\WINDOWS\system32\napinsp.dll
0x00007ffcd5bc0000 - 0x00007ffcd5bdb000 	C:\WINDOWS\system32\pnrpnsp.dll
0x00007ffcd9470000 - 0x00007ffcd9485000 	C:\WINDOWS\system32\wshbth.dll
0x00007ffcda740000 - 0x00007ffcda75d000 	C:\WINDOWS\system32\NLAapi.dll
0x00007ffcdd750000 - 0x00007ffcdd78b000 	C:\WINDOWS\SYSTEM32\IPHLPAPI.DLL
0x00007ffcdd790000 - 0x00007ffcdd85c000 	C:\WINDOWS\SYSTEM32\DNSAPI.dll
0x00007ffce0420000 - 0x00007ffce0428000 	C:\WINDOWS\System32\NSI.dll
0x00007ffcc5640000 - 0x00007ffcc5652000 	C:\WINDOWS\System32\winrnr.dll
0x00007ffcd7140000 - 0x00007ffcd714a000 	C:\Windows\System32\rasadhlp.dll
0x00007ffcc98f0000 - 0x00007ffcc996f000 	C:\WINDOWS\System32\fwpuclnt.dll
0x00007ffcde7e0000 - 0x00007ffcde807000 	C:\WINDOWS\System32\bcrypt.dll
0x00007ffcddc30000 - 0x00007ffcddc48000 	C:\WINDOWS\SYSTEM32\CRYPTSP.dll
0x00007ffcdd400000 - 0x00007ffcdd434000 	C:\WINDOWS\system32\rsaenh.dll
0x00007ffcde250000 - 0x00007ffcde27e000 	C:\WINDOWS\SYSTEM32\USERENV.dll
0x00007ffcddc50000 - 0x00007ffcddc5c000 	C:\WINDOWS\SYSTEM32\CRYPTBASE.dll
0x00007ffcd6cc0000 - 0x00007ffcd6cd7000 	C:\WINDOWS\SYSTEM32\dhcpcsvc6.DLL
0x00007ffcd6f00000 - 0x00007ffcd6f1d000 	C:\WINDOWS\SYSTEM32\dhcpcsvc.DLL
0x00007ffcd6b90000 - 0x00007ffcd6ba0000 	C:\Users\Yessi Mateo\Downloads\Programas\sts-4.10.0.RELEASE\plugins\org.eclipse.justj.openjdk.hotspot.jre.full.win32.x86_64_15.0.2.v20210201-0955\jre\bin\verify.dll

dbghelp: loaded successfully - version: 4.0.5 - missing functions: none
symbol engine: initialized successfully - sym options: 0x614 - pdb path: .;C:\Users\Yessi Mateo\Downloads\Programas\sts-4.10.0.RELEASE\plugins\org.eclipse.justj.openjdk.hotspot.jre.full.win32.x86_64_15.0.2.v20210201-0955\jre\bin;C:\WINDOWS\SYSTEM32;C:\WINDOWS\WinSxS\amd64_microsoft.windows.common-controls_6595b64144ccf1df_6.0.19041.844_none_ca00b6081b84eb1d;C:\Users\Yessi Mateo\Downloads\Programas\sts-4.10.0.RELEASE\plugins\org.eclipse.justj.openjdk.hotspot.jre.full.win32.x86_64_15.0.2.v20210201-0955\jre\bin\server

VM Arguments:
jvm_args: -Dcom.sun.management.jmxremote -Dcom.sun.management.jmxremote.port=53791 -Dcom.sun.management.jmxremote.authenticate=false -Dcom.sun.management.jmxremote.ssl=false -Djava.rmi.server.hostname=localhost -Dspring.jmx.enabled=true -Dspring.application.admin.enabled=true -XX:TieredStopAtLevel=1 -Dspring.boot.project.name=ProyectoFinalP3 -Dfile.encoding=UTF-8 -XX:+ShowCodeDetailsInExceptionMessages 
java_command: com.progra3.datos.ProyectoFinalP3Application --spring.output.ansi.enabled=always
java_class_path (initial): C:\Users\Yessi Mateo\Documents\workspace-spring-tool-suite-4-4.10.0.RELEASE\ProyectoFinalP3\target\classes;C:\Users\Yessi Mateo\.m2\repository\org\springframework\boot\spring-boot-starter-data-jpa\2.4.6\spring-boot-starter-data-jpa-2.4.6.jar;C:\Users\Yessi Mateo\.m2\repository\org\springframework\boot\spring-boot-starter-aop\2.4.6\spring-boot-starter-aop-2.4.6.jar;C:\Users\Yessi Mateo\.m2\repository\org\springframework\spring-aop\5.3.7\spring-aop-5.3.7.jar;C:\Users\Yessi Mateo\.m2\repository\org\aspectj\aspectjweaver\1.9.6\aspectjweaver-1.9.6.jar;C:\Users\Yessi Mateo\.m2\repository\org\springframework\boot\spring-boot-starter-jdbc\2.4.6\spring-boot-starter-jdbc-2.4.6.jar;C:\Users\Yessi Mateo\.m2\repository\com\zaxxer\HikariCP\3.4.5\HikariCP-3.4.5.jar;C:\Users\Yessi Mateo\.m2\repository\org\springframework\spring-jdbc\5.3.7\spring-jdbc-5.3.7.jar;C:\Users\Yessi Mateo\.m2\repository\jakarta\transaction\jakarta.transaction-api\1.3.3\jakarta.transaction-api-1.3.3.jar;C:\Users\Yessi Mateo\.m2\repository\jakarta\persistence\jakarta.persistence-api\2.2.3\jakarta.persistence-api-2.2.3.jar;C:\Users\Yessi Mateo\.m2\repository\org\hibernate\hibernate-core\5.4.31.Final\hibernate-core-5.4.31.Final.jar;C:\Users\Yessi Mateo\.m2\repository\org\jboss\logging\jboss-logging\3.4.1.Final\jboss-logging-3.4.1.Final.jar;C:\Users\Yessi Mateo\.m2\repository\org\javassist\javassist\3.27.0-GA\javassist-3.27.0-GA.jar;C:\Users\Yessi Mateo\.m2\repository\net\bytebuddy\byte-buddy\1.10.22\byte-buddy-1.10.22.jar;C:\Users\Yessi Mateo\.m2\repository\antlr\antlr\2.7.7\antlr-2.7.7.jar;C:\Users\Yessi Mateo\.m2\repository\org\jboss\jandex\2.2.3.Final\jandex-2.2.3.Final.jar;C:\Users\Yessi Mateo\.m2\repository\com\fasterxml\classmate\1.5.1\classmate-1.5.1.jar;C:\Users\Yessi Mateo\.m2\repository\org\dom4j\dom4j\2.1.3\dom4j-2.1.3.jar;C:\Users\Yessi Mateo\.m2\repository\org\hibernate\common\hibernate-commons-annotations\5.1.2.Final\hibernate-commons-annotations-5.1.2.Final.jar;C:\Us
Launcher Type: SUN_STANDARD

[Global flags]
     intx CICompilerCount                          = 3                                         {product} {ergonomic}
     uint ConcGCThreads                            = 1                                         {product} {ergonomic}
     uint G1ConcRefinementThreads                  = 4                                         {product} {ergonomic}
   size_t G1HeapRegionSize                         = 1048576                                   {product} {ergonomic}
    uintx GCDrainStackTargetSize                   = 64                                        {product} {ergonomic}
   size_t InitialHeapSize                          = 134217728                                 {product} {ergonomic}
     bool ManagementServer                         = true                                      {product} {command line}
   size_t MarkStackSize                            = 4194304                                   {product} {ergonomic}
   size_t MaxHeapSize                              = 2126512128                                {product} {ergonomic}
   size_t MaxNewSize                               = 1275068416                                {product} {ergonomic}
   size_t MinHeapDeltaBytes                        = 1048576                                   {product} {ergonomic}
   size_t MinHeapSize                              = 8388608                                   {product} {ergonomic}
    uintx NonNMethodCodeHeapSize                   = 6973028                                {pd product} {ergonomic}
    uintx NonProfiledCodeHeapSize                  = 244685212                              {pd product} {ergonomic}
    uintx ProfiledCodeHeapSize                     = 0                                      {pd product} {ergonomic}
    uintx ReservedCodeCacheSize                    = 251658240                              {pd product} {ergonomic}
     bool SegmentedCodeCache                       = true                                      {product} {ergonomic}
     bool ShowCodeDetailsInExceptionMessages       = true                                   {manageable} {command line}
   size_t SoftMaxHeapSize                          = 2126512128                             {manageable} {ergonomic}
     intx TieredStopAtLevel                        = 1                                         {product} {command line}
     bool UseCompressedClassPointers               = true                                 {lp64_product} {ergonomic}
     bool UseCompressedOops                        = true                                 {lp64_product} {ergonomic}
     bool UseG1GC                                  = true                                      {product} {ergonomic}
     bool UseLargePagesIndividualAllocation        = false                                  {pd product} {ergonomic}

Logging:
Log output configuration:
 #0: stdout all=warning uptime,level,tags
 #1: stderr all=off uptime,level,tags

Environment Variables:
JAVA_HOME=C:\Program Files\Java\jdk1.8.0_201
PATH=C:/Users/Yessi Mateo/Downloads/Programas/sts-4.10.0.RELEASE//plugins/org.eclipse.justj.openjdk.hotspot.jre.full.win32.x86_64_15.0.2.v20210201-0955/jre/bin/server;C:/Users/Yessi Mateo/Downloads/Programas/sts-4.10.0.RELEASE//plugins/org.eclipse.justj.openjdk.hotspot.jre.full.win32.x86_64_15.0.2.v20210201-0955/jre/bin;C:\ActiveTcl\bin;C:\Program Files (x86)\Common Files\Oracle\Java\javapath;C:\windows\system32;C:\windows;C:\windows\System32\Wbem;C:\windows\System32\WindowsPowerShell\v1.0\;C:\windows\System32\OpenSSH\;C:\Program Files (x86)\Intel\Intel(R) Management Engine Components\DAL;C:\Program Files\Intel\Intel(R) Management Engine Components\DAL;C:\Program Files (x86)\Intel\Intel(R) Management Engine Components\IPT;C:\Program Files\Intel\Intel(R) Management Engine Components\IPT;C:\Program Files (x86)\NVIDIA Corporation\PhysX\Common;C:\Program Files\Git\cmd;C:\WINDOWS\system32;C:\WINDOWS;C:\WINDOWS\System32\Wbem;C:\WINDOWS\System32\WindowsPowerShell\v1.0\;C:\WINDOWS\System32\OpenSSH\;C:\Program Files\Microsoft SQL Server\110\Tools\Binn\;C:\Users\Yessi Mateo\.dnx\bin;C:\Program Files\Microsoft DNX\Dnvm\;C:\Program Files\Microsoft SQL Server\130\Tools\Binn\;C:\Users\Yessi Mateo\AppData\Local\Microsoft\WindowsApps;C:\Users\Yessi Mateo\AppData\Local\Programs\Microsoft VS Code\bin;C:\adb;C:\Program Files\Polyspace\R2019a\runtime\win64;C:\Program Files\Polyspace\R2019a\bin;C:\Program Files\Polyspace\R2019a\polyspace\bin;C:\Program Files\Java\jdk1.8.0_201\bin;;C:\WINDOWS\system32;C:\WINDOWS;C:\WINDOWS\System32\Wbem;C:\WINDOWS\System32\WindowsPowerShell\v1.0\;C:\WINDOWS\System32\OpenSSH\;C:\Users\Yessi Mateo\AppData\Local\Microsoft\WindowsApps;;C:\Users\Yessi Mateo\Downloads\Programas\sts-4.10.0.RELEASE;
USERNAME=Yessi Mateo
OS=Windows_NT
PROCESSOR_IDENTIFIER=Intel64 Family 6 Model 142 Stepping 9, GenuineIntel



---------------  S Y S T E M  ---------------

OS:
 Windows 10 , 64 bit Build 19041 (10.0.19041.928)
OS uptime: 3 days 3:13 hours

CPU: total 4 (initial active 4) (2 cores per cpu, 2 threads per core) family 6 model 142 stepping 9 microcode 0xb4, cmov, cx8, fxsr, mmx, sse, sse2, sse3, ssse3, sse4.1, sse4.2, popcnt, vzeroupper, avx, avx2, aes, clmul, erms, 3dnowpref, lzcnt, ht, tsc, tscinvbit, bmi1, bmi2, adx, fma, clflush, clflushopt

Memory: 4k page, system-wide physical 8107M (1445M free)
TotalPageFile size 10016M (AvailPageFile size 2M)
current process WorkingSet (physical memory assigned to process): 197M, peak: 202M
current process commit charge ("private bytes"): 225M, peak: 235M

vm_info: OpenJDK 64-Bit Server VM (15.0.2+7-27) for windows-amd64 JRE (15.0.2+7-27), built on Dec  7 2020 20:02:38 by "mach5one" with unknown MS VC++:1925

END.
